Using pre-set license
Built from '2021.3/staging' branch; Version is '2021.3.18f1 (3129e69bc0c7) revision 3221990'; Using compiler version '192829333'; Build Type 'Release'
OS: 'Windows 11  (10.0.22621) 64bit CoreSingleLanguage' Language: 'pt' Physical Memory: 7915 MB
BatchMode: 1, IsHumanControllingUs: 0, StartBugReporterOnCrash: 0, Is64bit: 1, IsPro: 1

COMMAND LINE ARGUMENTS:
C:\Program Files\Unity\Hub\Editor\2021.3.18f1\Editor\Unity.exe
-adb2
-batchMode
-noUpm
-name
AssetImportWorker1
-projectPath
C:/Users/julia/OneDrive/Área de Trabalho/jogo/2023-303-detetive
-logFile
Logs/AssetImportWorker1.log
-srvPort
56569
Successfully changed project path to: C:/Users/julia/OneDrive/Área de Trabalho/jogo/2023-303-detetive
C:/Users/julia/OneDrive/Área de Trabalho/jogo/2023-303-detetive
[UnityMemory] Configuration Parameters - Can be set up in boot.config
    "memorysetup-bucket-allocator-granularity=16"
    "memorysetup-bucket-allocator-bucket-count=8"
    "memorysetup-bucket-allocator-block-size=33554432"
    "memorysetup-bucket-allocator-block-count=8"
    "memorysetup-main-allocator-block-size=16777216"
    "memorysetup-thread-allocator-block-size=16777216"
    "memorysetup-gfx-main-allocator-block-size=16777216"
    "memorysetup-gfx-thread-allocator-block-size=16777216"
    "memorysetup-cache-allocator-block-size=4194304"
    "memorysetup-typetree-allocator-block-size=2097152"
    "memorysetup-profiler-bucket-allocator-granularity=16"
    "memorysetup-profiler-bucket-allocator-bucket-count=8"
    "memorysetup-profiler-bucket-allocator-block-size=33554432"
    "memorysetup-profiler-bucket-allocator-block-count=8"
    "memorysetup-profiler-allocator-block-size=16777216"
    "memorysetup-profiler-editor-allocator-block-size=1048576"
    "memorysetup-temp-allocator-size-main=16777216"
    "memorysetup-job-temp-allocator-block-size=2097152"
    "memorysetup-job-temp-allocator-block-size-background=1048576"
    "memorysetup-job-temp-allocator-reduction-small-platforms=262144"
    "memorysetup-temp-allocator-size-background-worker=32768"
    "memorysetup-temp-allocator-size-job-worker=262144"
    "memorysetup-temp-allocator-size-preload-manager=33554432"
    "memorysetup-temp-allocator-size-nav-mesh-worker=65536"
    "memorysetup-temp-allocator-size-audio-worker=65536"
    "memorysetup-temp-allocator-size-cloud-worker=32768"
    "memorysetup-temp-allocator-size-gi-baking-worker=262144"
    "memorysetup-temp-allocator-size-gfx=262144"
Player connection [112544] Host "[IP] 192.168.94.124 [Port] 0 [Flags] 2 [Guid] 488067970 [EditorId] 488067970 [Version] 1048832 [Id] WindowsEditor(7,julialuna) [Debug] 1 [PackageName] WindowsEditor [ProjectName] Editor" joined multi-casting on [225.0.0.222:54997]...

Player connection [112544] Host "[IP] 192.168.94.124 [Port] 0 [Flags] 2 [Guid] 488067970 [EditorId] 488067970 [Version] 1048832 [Id] WindowsEditor(7,julialuna) [Debug] 1 [PackageName] WindowsEditor [ProjectName] Editor" joined alternative multi-casting on [225.0.0.222:34997]...

Refreshing native plugins compatible for Editor in 135.86 ms, found 4 plugins.
Preloading 0 native plugins for Editor in 0.00 ms.
Initialize engine version: 2021.3.18f1 (3129e69bc0c7)
[Subsystems] Discovering subsystems at path C:/Program Files/Unity/Hub/Editor/2021.3.18f1/Editor/Data/Resources/UnitySubsystems
[Subsystems] Discovering subsystems at path C:/Users/julia/OneDrive/Área de Trabalho/jogo/2023-303-detetive/Assets
GfxDevice: creating device client; threaded=0; jobified=0
Direct3D:
    Version:  Direct3D 11.0 [level 11.1]
    Renderer: Intel(R) Iris(R) Xe Graphics (ID=0x9a49)
    Vendor:   Intel
    VRAM:     3957 MB
    Driver:   30.0.100.9805
Initialize mono
Mono path[0] = 'C:/Program Files/Unity/Hub/Editor/2021.3.18f1/Editor/Data/Managed'
Mono path[1] = 'C:/Program Files/Unity/Hub/Editor/2021.3.18f1/Editor/Data/MonoBleedingEdge/lib/mono/unityjit-win32'
Mono config path = 'C:/Program Files/Unity/Hub/Editor/2021.3.18f1/Editor/Data/MonoBleedingEdge/etc'
Using monoOptions --debugger-agent=transport=dt_socket,embedding=1,server=y,suspend=n,address=127.0.0.1:56248
Begin MonoManager ReloadAssembly
Registering precompiled unity dll's ...
Register platform support module: C:/Program Files/Unity/Hub/Editor/2021.3.18f1/Editor/Data/PlaybackEngines/WindowsStandaloneSupport/UnityEditor.WindowsStandalone.Extensions.dll
Registered in 0.009057 seconds.
Native extension for WindowsStandalone target not found
Refreshing native plugins compatible for Editor in 103.67 ms, found 4 plugins.
Preloading 0 native plugins for Editor in 0.00 ms.
Mono: successfully reloaded assembly
- Completed reload, in  0.805 seconds
Domain Reload Profiling:
	ReloadAssembly (805ms)
		BeginReloadAssembly (142ms)
			ExecutionOrderSort (0ms)
			DisableScriptedObjects (0ms)
			BackupInstance (0ms)
			ReleaseScriptingObjects (0ms)
			CreateAndSetChildDomain (1ms)
		EndReloadAssembly (494ms)
			LoadAssemblies (139ms)
			RebuildTransferFunctionScriptingTraits (1ms)
			SetupTypeCache (108ms)
			ReleaseScriptCaches (0ms)
			RebuildScriptCaches (28ms)
			SetupLoadedEditorAssemblies (302ms)
				LogAssemblyErrors (0ms)
				InitializePlatformSupportModulesInManaged (8ms)
				SetLoadedEditorAssemblies (0ms)
				RefreshPlugins (104ms)
				BeforeProcessingInitializeOnLoad (3ms)
				ProcessInitializeOnLoadAttributes (144ms)
				ProcessInitializeOnLoadMethodAttributes (44ms)
				AfterProcessingInitializeOnLoad (0ms)
				EditorAssembliesLoaded (0ms)
			ExecutionOrderSort2 (0ms)
			AwakeInstancesAfterBackupRestoration (0ms)
Platform modules already initialized, skipping
Registering precompiled user dll's ...
Registered in 0.017416 seconds.
Begin MonoManager ReloadAssembly
Symbol file LoadedFromMemory doesn't match image C:\Users\julia\OneDrive\Área de Trabalho\jogo\2023-303-detetive\Library\PackageCache\com.unity.visualscripting@1.8.0\Editor\VisualScripting.Core\Dependencies\YamlDotNet\Unity.VisualScripting.YamlDotNet.dll
Symbol file LoadedFromMemory doesn't match image C:\Users\julia\OneDrive\Área de Trabalho\jogo\2023-303-detetive\Library\PackageCache\com.unity.visualscripting@1.8.0\Editor\VisualScripting.Core\Dependencies\DotNetZip\Unity.VisualScripting.IonicZip.dll
Native extension for WindowsStandalone target not found
Refreshing native plugins compatible for Editor in 106.61 ms, found 4 plugins.
Preloading 0 native plugins for Editor in 0.00 ms.
Mono: successfully reloaded assembly
- Completed reload, in  1.393 seconds
Domain Reload Profiling:
	ReloadAssembly (1394ms)
		BeginReloadAssembly (156ms)
			ExecutionOrderSort (0ms)
			DisableScriptedObjects (7ms)
			BackupInstance (0ms)
			ReleaseScriptingObjects (0ms)
			CreateAndSetChildDomain (18ms)
		EndReloadAssembly (1091ms)
			LoadAssemblies (176ms)
			RebuildTransferFunctionScriptingTraits (0ms)
			SetupTypeCache (272ms)
			ReleaseScriptCaches (1ms)
			RebuildScriptCaches (70ms)
			SetupLoadedEditorAssemblies (544ms)
				LogAssemblyErrors (0ms)
				InitializePlatformSupportModulesInManaged (6ms)
				SetLoadedEditorAssemblies (0ms)
				RefreshPlugins (107ms)
				BeforeProcessingInitializeOnLoad (84ms)
				ProcessInitializeOnLoadAttributes (301ms)
				ProcessInitializeOnLoadMethodAttributes (38ms)
				AfterProcessingInitializeOnLoad (8ms)
				EditorAssembliesLoaded (0ms)
			ExecutionOrderSort2 (0ms)
			AwakeInstancesAfterBackupRestoration (6ms)
Platform modules already initialized, skipping
========================================================================
Worker process is ready to serve import requests
Launched and connected shader compiler UnityShaderCompiler.exe after 0.07 seconds
Refreshing native plugins compatible for Editor in 1.18 ms, found 4 plugins.
Preloading 0 native plugins for Editor in 0.00 ms.
Unloading 3797 Unused Serialized files (Serialized files now loaded: 0)
Unloading 35 unused Assets / (56.2 KB). Loaded Objects now: 4257.
Memory consumption went from 146.4 MB to 146.4 MB.
Total: 2.903100 ms (FindLiveObjects: 0.298000 ms CreateObjectMapping: 0.114000 ms MarkObjects: 2.407200 ms  DeleteObjects: 0.082500 ms)

AssetImportParameters requested are different than current active one (requested -> active):
  custom:video-decoder-ogg-theora: a1e56fd34408186e4bbccfd4996cb3dc -> 
  custom:container-muxer-webm: aa71ff27fc2769a1b78a27578f13a17b -> 
  custom:container-demuxer-webm: 4f35f7cbe854078d1ac9338744f61a02 -> 
  custom:video-encoder-webm-vp8: eb34c28f22e8b96e1ab97ce403110664 -> 
  custom:video-codec-MediaFoundation-h265: 746d11721c4dcdbdad8f713fa42b33f4 -> 
  custom:audio-encoder-webm-vorbis: bf7c407c2cedff20999df2af8eb42d56 -> 
  custom:framework-win-MediaFoundation: 216162199b28c13a410421893ffa2e32 -> 
  custom:container-demuxer-ogg: 62fdf1f143b41e24485cea50d1cbac27 -> 
  custom:video-decoder-webm-vp8: 9c59270c3fd7afecdb556c50c9e8de78 -> 
  custom:audio-decoder-ogg-vorbis: bf7c407c2cedff20999df2af8eb42d56 -> 
========================================================================
Received Import Request.
  Time since last request: 1340834.124433 seconds.
  path: Assets/images/Cenario/escritorio/escritório_41.asset
  artifactKey: Guid(57a21cf99f83aea4caf95c056592f5d3) Importer(815301076,1909f56bfc062723c751e8b465ee728b)
Start importing Assets/images/Cenario/escritorio/escritório_41.asset using Guid(57a21cf99f83aea4caf95c056592f5d3) Importer(815301076,1909f56bfc062723c751e8b465ee728b)  -> (artifact id: '4294eba9efff339f2765ff69dff8c144') in 0.128532 seconds 
========================================================================
Received Import Request.
  Time since last request: 0.000022 seconds.
  path: Assets/images/Cenario/escritorio/escritório_31.asset
  artifactKey: Guid(ca52941876f164c4b886dfa1e812c484) Importer(815301076,1909f56bfc062723c751e8b465ee728b)
Start importing Assets/images/Cenario/escritorio/escritório_31.asset using Guid(ca52941876f164c4b886dfa1e812c484) Importer(815301076,1909f56bfc062723c751e8b465ee728b)  -> (artifact id: '23a919758ac09e40c736b0fe3876ca87') in 0.023192 seconds 
========================================================================
Received Import Request.
  Time since last request: 0.000039 seconds.
  path: Assets/images/Cenario/escritorio/escritório_36.asset
  artifactKey: Guid(071fc4681a357ba4682e1f58003a1dd2) Importer(815301076,1909f56bfc062723c751e8b465ee728b)
Start importing Assets/images/Cenario/escritorio/escritório_36.asset using Guid(071fc4681a357ba4682e1f58003a1dd2) Importer(815301076,1909f56bfc062723c751e8b465ee728b)  -> (artifact id: '72a65b76f348835926f6afc72ebe162f') in 0.027632 seconds 
========================================================================
Received Import Request.
  Time since last request: 0.000026 seconds.
  path: Assets/images/Cenario/escritorio/escritório_33.asset
  artifactKey: Guid(51a6fd94083900f41b26d6dbe8d9b855) Importer(815301076,1909f56bfc062723c751e8b465ee728b)
Start importing Assets/images/Cenario/escritorio/escritório_33.asset using Guid(51a6fd94083900f41b26d6dbe8d9b855) Importer(815301076,1909f56bfc062723c751e8b465ee728b)  -> (artifact id: '6c6b02332ba9d1c9b9766e01f9974435') in 0.028660 seconds 
========================================================================
Received Import Request.
  Time since last request: 0.000036 seconds.
  path: Assets/images/Cenario/escritorio/escritório_29.asset
  artifactKey: Guid(e806eb19accaaa044956637bc7b603ac) Importer(815301076,1909f56bfc062723c751e8b465ee728b)
Start importing Assets/images/Cenario/escritorio/escritório_29.asset using Guid(e806eb19accaaa044956637bc7b603ac) Importer(815301076,1909f56bfc062723c751e8b465ee728b)  -> (artifact id: 'd4ab83348d522b2ac843031bd7bf52d5') in 0.026229 seconds 
========================================================================
Received Import Request.
  Time since last request: 0.000046 seconds.
  path: Assets/images/Cenario/escritorio/escritório_35.asset
  artifactKey: Guid(4f6cc051f8d2f3f479bed3e0b40b2f59) Importer(815301076,1909f56bfc062723c751e8b465ee728b)
Start importing Assets/images/Cenario/escritorio/escritório_35.asset using Guid(4f6cc051f8d2f3f479bed3e0b40b2f59) Importer(815301076,1909f56bfc062723c751e8b465ee728b)  -> (artifact id: 'caea896cf37d1cf6a7a1e1915e208d3a') in 0.022926 seconds 
========================================================================
Received Import Request.
  Time since last request: 0.000028 seconds.
  path: Assets/images/Cenario/escritorio/escritório_26.asset
  artifactKey: Guid(3ecca8c466be17f46b4bd463e03b7874) Importer(815301076,1909f56bfc062723c751e8b465ee728b)
Start importing Assets/images/Cenario/escritorio/escritório_26.asset using Guid(3ecca8c466be17f46b4bd463e03b7874) Importer(815301076,1909f56bfc062723c751e8b465ee728b)  -> (artifact id: '364bbe49423d18006935dc8ccb070e70') in 0.029144 seconds 
========================================================================
Received Import Request.
  Time since last request: 0.000032 seconds.
  path: Assets/images/Cenario/escritorio/escritório_40.asset
  artifactKey: Guid(0ca9c068fe0e1c142ba6ba84d68f5225) Importer(815301076,1909f56bfc062723c751e8b465ee728b)
Start importing Assets/images/Cenario/escritorio/escritório_40.asset using Guid(0ca9c068fe0e1c142ba6ba84d68f5225) Importer(815301076,1909f56bfc062723c751e8b465ee728b)  -> (artifact id: 'e1622afac90c636b304c2973985e3704') in 0.043580 seconds 
========================================================================
Received Import Request.
  Time since last request: 0.000018 seconds.
  path: Assets/images/Cenario/escritorio/escritório_37.asset
  artifactKey: Guid(d6aefe85d83a0c34c8108961ac2bea84) Importer(815301076,1909f56bfc062723c751e8b465ee728b)
Start importing Assets/images/Cenario/escritorio/escritório_37.asset using Guid(d6aefe85d83a0c34c8108961ac2bea84) Importer(815301076,1909f56bfc062723c751e8b465ee728b)  -> (artifact id: '55c52e54470a97ff745947b0601a447e') in 0.019599 seconds 
========================================================================
Received Import Request.
  Time since last request: 0.000020 seconds.
  path: Assets/images/Cenario/escritorio/escritório_23.asset
  artifactKey: Guid(468c71fd16189924688166c6f65003b7) Importer(815301076,1909f56bfc062723c751e8b465ee728b)
Start importing Assets/images/Cenario/escritorio/escritório_23.asset using Guid(468c71fd16189924688166c6f65003b7) Importer(815301076,1909f56bfc062723c751e8b465ee728b)  -> (artifact id: '92ba804d7df5b94da948084248a11904') in 0.024122 seconds 
========================================================================
Received Import Request.
  Time since last request: 106.519420 seconds.
  path: Assets/images/Cenario/escritorio/escritorio_novo 1_0.asset
  artifactKey: Guid(83cba676a89d8384ea6611b0d62808ed) Importer(815301076,1909f56bfc062723c751e8b465ee728b)
Start importing Assets/images/Cenario/escritorio/escritorio_novo 1_0.asset using Guid(83cba676a89d8384ea6611b0d62808ed) Importer(815301076,1909f56bfc062723c751e8b465ee728b)  -> (artifact id: 'dca49722400964d31a2188f6243659bc') in 0.023086 seconds 
========================================================================
Received Import Request.
  Time since last request: 0.000035 seconds.
  path: Assets/images/Cenario/escritorio/escritorio_novo 1_19.asset
  artifactKey: Guid(f82c20683b7ca8b4fa676e266f02671e) Importer(815301076,1909f56bfc062723c751e8b465ee728b)
Start importing Assets/images/Cenario/escritorio/escritorio_novo 1_19.asset using Guid(f82c20683b7ca8b4fa676e266f02671e) Importer(815301076,1909f56bfc062723c751e8b465ee728b)  -> (artifact id: '020b904aa90c594537190efc68e77c3f') in 0.024961 seconds 
========================================================================
Received Import Request.
  Time since last request: 0.000036 seconds.
  path: Assets/images/Cenario/escritorio/escritorio_novo 1_11.asset
  artifactKey: Guid(0204c32d54cb8404ca3da7346555c233) Importer(815301076,1909f56bfc062723c751e8b465ee728b)
Start importing Assets/images/Cenario/escritorio/escritorio_novo 1_11.asset using Guid(0204c32d54cb8404ca3da7346555c233) Importer(815301076,1909f56bfc062723c751e8b465ee728b)  -> (artifact id: 'de9aec38a675a6c40a845634c7ee7486') in 0.024318 seconds 
========================================================================
Received Import Request.
  Time since last request: 0.000029 seconds.
  path: Assets/images/Cenario/escritorio/escritorio_novo 1_12.asset
  artifactKey: Guid(5ac5397af67c84440a6bb3b8af36f73b) Importer(815301076,1909f56bfc062723c751e8b465ee728b)
Start importing Assets/images/Cenario/escritorio/escritorio_novo 1_12.asset using Guid(5ac5397af67c84440a6bb3b8af36f73b) Importer(815301076,1909f56bfc062723c751e8b465ee728b)  -> (artifact id: '8e39dbee19cad3bf7c5b88a45290250c') in 0.034452 seconds 
========================================================================
Received Import Request.
  Time since last request: 0.000049 seconds.
  path: Assets/images/Cenario/escritorio/escritorio_novo 1_22.asset
  artifactKey: Guid(bc4412710c57f05459912e9319c53ff5) Importer(815301076,1909f56bfc062723c751e8b465ee728b)
Start importing Assets/images/Cenario/escritorio/escritorio_novo 1_22.asset using Guid(bc4412710c57f05459912e9319c53ff5) Importer(815301076,1909f56bfc062723c751e8b465ee728b)  -> (artifact id: '2c2e4c39abd246c320ebee72db391825') in 0.026375 seconds 
========================================================================
Received Import Request.
  Time since last request: 0.000022 seconds.
  path: Assets/images/Cenario/escritorio/escritorio_novo 1_8.asset
  artifactKey: Guid(bb6f6b60f06af994aa9fa0126fcbd9ac) Importer(815301076,1909f56bfc062723c751e8b465ee728b)
Start importing Assets/images/Cenario/escritorio/escritorio_novo 1_8.asset using Guid(bb6f6b60f06af994aa9fa0126fcbd9ac) Importer(815301076,1909f56bfc062723c751e8b465ee728b)  -> (artifact id: '36cb4e3bdbd42adb19343a1c86c789a9') in 0.025855 seconds 
========================================================================
Received Import Request.
  Time since last request: 0.000030 seconds.
  path: Assets/images/Cenario/escritorio/escritorio_novo 1_5.asset
  artifactKey: Guid(fba4a7db56ee99a46833299b90b312f7) Importer(815301076,1909f56bfc062723c751e8b465ee728b)
Start importing Assets/images/Cenario/escritorio/escritorio_novo 1_5.asset using Guid(fba4a7db56ee99a46833299b90b312f7) Importer(815301076,1909f56bfc062723c751e8b465ee728b)  -> (artifact id: '922401cc57c404d67098ce6382b07498') in 0.024268 seconds 
========================================================================
Received Import Request.
  Time since last request: 0.000097 seconds.
  path: Assets/images/Cenario/escritorio/escritorio_novo 1_15.asset
  artifactKey: Guid(87a8c1b3dcd405940bbb532d6492e9e9) Importer(815301076,1909f56bfc062723c751e8b465ee728b)
Start importing Assets/images/Cenario/escritorio/escritorio_novo 1_15.asset using Guid(87a8c1b3dcd405940bbb532d6492e9e9) Importer(815301076,1909f56bfc062723c751e8b465ee728b)  -> (artifact id: 'a06281503103f7b7dccfad736c20b268') in 0.034720 seconds 
========================================================================
Received Import Request.
  Time since last request: 0.000043 seconds.
  path: Assets/images/Cenario/escritorio/escritorio_novo 1_23.asset
  artifactKey: Guid(0bc25a277dadf374a87b8bb660dae1a2) Importer(815301076,1909f56bfc062723c751e8b465ee728b)
Start importing Assets/images/Cenario/escritorio/escritorio_novo 1_23.asset using Guid(0bc25a277dadf374a87b8bb660dae1a2) Importer(815301076,1909f56bfc062723c751e8b465ee728b)  -> (artifact id: '560bc3c544fe8679467f551ff060f48c') in 0.023884 seconds 
========================================================================
Received Import Request.
  Time since last request: 0.000034 seconds.
  path: Assets/images/Cenario/escritorio/escritorio_novo 1_16.asset
  artifactKey: Guid(4b9cee6d7d1462646b72332750a64f94) Importer(815301076,1909f56bfc062723c751e8b465ee728b)
Start importing Assets/images/Cenario/escritorio/escritorio_novo 1_16.asset using Guid(4b9cee6d7d1462646b72332750a64f94) Importer(815301076,1909f56bfc062723c751e8b465ee728b)  -> (artifact id: '1190cb69cd0fd039fdebe6e04cd4a938') in 0.049275 seconds 
========================================================================
Received Import Request.
  Time since last request: 0.000037 seconds.
  path: Assets/images/Cenario/escritorio/escritorio_novo 1_17.asset
  artifactKey: Guid(4c0152463c817104ab48704983b34e43) Importer(815301076,1909f56bfc062723c751e8b465ee728b)
Start importing Assets/images/Cenario/escritorio/escritorio_novo 1_17.asset using Guid(4c0152463c817104ab48704983b34e43) Importer(815301076,1909f56bfc062723c751e8b465ee728b)  -> (artifact id: '83f8d487dd369979f69b52ff4c10499a') in 0.029523 seconds 
========================================================================
Received Import Request.
  Time since last request: 0.000030 seconds.
  path: Assets/images/Cenario/escritorio/escritorio_novo 1_18.asset
  artifactKey: Guid(d767433b9aa493a47be09d5f917266ca) Importer(815301076,1909f56bfc062723c751e8b465ee728b)
Start importing Assets/images/Cenario/escritorio/escritorio_novo 1_18.asset using Guid(d767433b9aa493a47be09d5f917266ca) Importer(815301076,1909f56bfc062723c751e8b465ee728b)  -> (artifact id: '9736934a8b4ca40967d56ee1ce76ab82') in 0.031086 seconds 
========================================================================
Received Import Request.
  Time since last request: 0.000027 seconds.
  path: Assets/images/Cenario/escritorio/escritorio_novo 1_13.asset
  artifactKey: Guid(31b01caeceeac4049aa682839460bc65) Importer(815301076,1909f56bfc062723c751e8b465ee728b)
Start importing Assets/images/Cenario/escritorio/escritorio_novo 1_13.asset using Guid(31b01caeceeac4049aa682839460bc65) Importer(815301076,1909f56bfc062723c751e8b465ee728b)  -> (artifact id: 'e01dec6f022f08f11920737c9addf5fa') in 0.022977 seconds 
========================================================================
Received Import Request.
  Time since last request: 1335.004191 seconds.
  path: Assets/images/Cenario/bar/parede_porta_0.asset
  artifactKey: Guid(a22450f3d1acb164d8bd369129f0476e) Importer(815301076,1909f56bfc062723c751e8b465ee728b)
Start importing Assets/images/Cenario/bar/parede_porta_0.asset using Guid(a22450f3d1acb164d8bd369129f0476e) Importer(815301076,1909f56bfc062723c751e8b465ee728b)  -> (artifact id: '34a55ae5643f5fdc21a5a9393de60176') in 0.191179 seconds 
========================================================================
Received Import Request.
  Time since last request: 0.000098 seconds.
  path: Assets/images/Cenario/bar/parede_porta_29.asset
  artifactKey: Guid(24e2b8b14406f644f805b49b4853e244) Importer(815301076,1909f56bfc062723c751e8b465ee728b)
Start importing Assets/images/Cenario/bar/parede_porta_29.asset using Guid(24e2b8b14406f644f805b49b4853e244) Importer(815301076,1909f56bfc062723c751e8b465ee728b)  -> (artifact id: '931515d4c78e09294170632746294318') in 0.030763 seconds 
========================================================================
Received Import Request.
  Time since last request: 0.000051 seconds.
  path: Assets/images/Cenario/bar/parede_porta_23.asset
  artifactKey: Guid(10273e79c41602247a0dac9320eb26bc) Importer(815301076,1909f56bfc062723c751e8b465ee728b)
Start importing Assets/images/Cenario/bar/parede_porta_23.asset using Guid(10273e79c41602247a0dac9320eb26bc) Importer(815301076,1909f56bfc062723c751e8b465ee728b)  -> (artifact id: 'a78b2626b774828ad2dd5747bd363aea') in 0.024717 seconds 
========================================================================
Received Import Request.
  Time since last request: 0.000070 seconds.
  path: Assets/images/Cenario/bar/parede_porta_15.asset
  artifactKey: Guid(1ed1be3c302977145989b7ec7b039f3b) Importer(815301076,1909f56bfc062723c751e8b465ee728b)
Start importing Assets/images/Cenario/bar/parede_porta_15.asset using Guid(1ed1be3c302977145989b7ec7b039f3b) Importer(815301076,1909f56bfc062723c751e8b465ee728b)  -> (artifact id: '4690931155111d26a37e7751b78118ec') in 0.031519 seconds 
========================================================================
Received Import Request.
  Time since last request: 0.000061 seconds.
  path: Assets/images/Cenario/bar/parede_porta_28.asset
  artifactKey: Guid(ba773e54cd2636a40885a62439e087c0) Importer(815301076,1909f56bfc062723c751e8b465ee728b)
Start importing Assets/images/Cenario/bar/parede_porta_28.asset using Guid(ba773e54cd2636a40885a62439e087c0) Importer(815301076,1909f56bfc062723c751e8b465ee728b)  -> (artifact id: 'c1ca79f13c69b7c838acf64c33afbe42') in 0.021775 seconds 
========================================================================
Received Import Request.
  Time since last request: 0.000040 seconds.
  path: Assets/images/Cenario/bar/parede_porta_8.asset
  artifactKey: Guid(1c5aad6253f26bb40a3641f7933a3be3) Importer(815301076,1909f56bfc062723c751e8b465ee728b)
Start importing Assets/images/Cenario/bar/parede_porta_8.asset using Guid(1c5aad6253f26bb40a3641f7933a3be3) Importer(815301076,1909f56bfc062723c751e8b465ee728b)  -> (artifact id: '54042e93f9a9576d608544560745f558') in 0.024885 seconds 
========================================================================
Received Import Request.
  Time since last request: 0.000019 seconds.
  path: Assets/images/Cenario/bar/parede_porta_16.asset
  artifactKey: Guid(165bc3195e729ef44bc9ff893bf08fd2) Importer(815301076,1909f56bfc062723c751e8b465ee728b)
Start importing Assets/images/Cenario/bar/parede_porta_16.asset using Guid(165bc3195e729ef44bc9ff893bf08fd2) Importer(815301076,1909f56bfc062723c751e8b465ee728b)  -> (artifact id: '4c87cb0eba7150471cc8546564aa188e') in 0.026111 seconds 
========================================================================
Received Import Request.
  Time since last request: 0.000050 seconds.
  path: Assets/images/Cenario/bar/parede_porta_12.asset
  artifactKey: Guid(e709472ad6b10a94c9ff40b4b23fb154) Importer(815301076,1909f56bfc062723c751e8b465ee728b)
Start importing Assets/images/Cenario/bar/parede_porta_12.asset using Guid(e709472ad6b10a94c9ff40b4b23fb154) Importer(815301076,1909f56bfc062723c751e8b465ee728b)  -> (artifact id: '3d7303a6494bd7123321fdccf82cbe11') in 0.026533 seconds 
========================================================================
Received Import Request.
  Time since last request: 0.000045 seconds.
  path: Assets/images/Cenario/bar/parede_porta_22.asset
  artifactKey: Guid(bd49824fd04599841b6afd696f294191) Importer(815301076,1909f56bfc062723c751e8b465ee728b)
Start importing Assets/images/Cenario/bar/parede_porta_22.asset using Guid(bd49824fd04599841b6afd696f294191) Importer(815301076,1909f56bfc062723c751e8b465ee728b)  -> (artifact id: 'eb741dd7771d91821a8e7d7784e43c3a') in 0.024007 seconds 
========================================================================
Received Import Request.
  Time since last request: 0.000048 seconds.
  path: Assets/images/Cenario/bar/parede_porta_27.asset
  artifactKey: Guid(4531a36da98663744b4be00ff2457571) Importer(815301076,1909f56bfc062723c751e8b465ee728b)
Start importing Assets/images/Cenario/bar/parede_porta_27.asset using Guid(4531a36da98663744b4be00ff2457571) Importer(815301076,1909f56bfc062723c751e8b465ee728b)  -> (artifact id: 'c34ef7a296541b16880acf6694c24841') in 0.023165 seconds 
========================================================================
Received Import Request.
  Time since last request: 0.000027 seconds.
  path: Assets/images/Cenario/bar/parede_porta_5.asset
  artifactKey: Guid(093b7f40a4c337c41814e8bd8d05f82f) Importer(815301076,1909f56bfc062723c751e8b465ee728b)
Start importing Assets/images/Cenario/bar/parede_porta_5.asset using Guid(093b7f40a4c337c41814e8bd8d05f82f) Importer(815301076,1909f56bfc062723c751e8b465ee728b)  -> (artifact id: 'bcdad104ab76a1f2ff4ddae8b220f9c9') in 0.024620 seconds 
========================================================================
Received Import Request.
  Time since last request: 0.000032 seconds.
  path: Assets/images/Cenario/bar/parede_porta_21.asset
  artifactKey: Guid(059f50e549b60d84899d9034283a8ff7) Importer(815301076,1909f56bfc062723c751e8b465ee728b)
Start importing Assets/images/Cenario/bar/parede_porta_21.asset using Guid(059f50e549b60d84899d9034283a8ff7) Importer(815301076,1909f56bfc062723c751e8b465ee728b)  -> (artifact id: '3f9fbe97cdb6193227ffef7c55f91fd3') in 0.019719 seconds 
========================================================================
Received Import Request.
  Time since last request: 0.000033 seconds.
  path: Assets/images/Cenario/bar/parede_porta_9.asset
  artifactKey: Guid(5bea1f0eef061c148a91bd1cca682669) Importer(815301076,1909f56bfc062723c751e8b465ee728b)
Start importing Assets/images/Cenario/bar/parede_porta_9.asset using Guid(5bea1f0eef061c148a91bd1cca682669) Importer(815301076,1909f56bfc062723c751e8b465ee728b)  -> (artifact id: '223d0074465f84595d218e84bc6fac32') in 0.022593 seconds 
========================================================================
Received Import Request.
  Time since last request: 0.000026 seconds.
  path: Assets/images/Cenario/bar/parede_porta_1.asset
  artifactKey: Guid(1091ab164a3628140acb394a2570ad9a) Importer(815301076,1909f56bfc062723c751e8b465ee728b)
Start importing Assets/images/Cenario/bar/parede_porta_1.asset using Guid(1091ab164a3628140acb394a2570ad9a) Importer(815301076,1909f56bfc062723c751e8b465ee728b)  -> (artifact id: 'd7979aa5f88fe2b1a0e8da0f60e7dfed') in 0.023688 seconds 
========================================================================
Received Import Request.
  Time since last request: 0.000026 seconds.
  path: Assets/images/Cenario/bar/parede_porta_26.asset
  artifactKey: Guid(3c437cc46dd7a7b4fb42403edcf03116) Importer(815301076,1909f56bfc062723c751e8b465ee728b)
Start importing Assets/images/Cenario/bar/parede_porta_26.asset using Guid(3c437cc46dd7a7b4fb42403edcf03116) Importer(815301076,1909f56bfc062723c751e8b465ee728b)  -> (artifact id: '2c87fc14f78b1cd018e7743359a1f9a8') in 0.021677 seconds 
========================================================================
Received Prepare
Registering precompiled user dll's ...
Registered in 0.009186 seconds.
Begin MonoManager ReloadAssembly
Symbol file LoadedFromMemory doesn't match image C:\Users\julia\OneDrive\Área de Trabalho\jogo\2023-303-detetive\Library\PackageCache\com.unity.visualscripting@1.8.0\Editor\VisualScripting.Core\Dependencies\YamlDotNet\Unity.VisualScripting.YamlDotNet.dll
Symbol file LoadedFromMemory doesn't match image C:\Users\julia\OneDrive\Área de Trabalho\jogo\2023-303-detetive\Library\PackageCache\com.unity.visualscripting@1.8.0\Editor\VisualScripting.Core\Dependencies\DotNetZip\Unity.VisualScripting.IonicZip.dll
Native extension for WindowsStandalone target not found
Refreshing native plugins compatible for Editor in 2.23 ms, found 4 plugins.
Preloading 0 native plugins for Editor in 0.00 ms.
Mono: successfully reloaded assembly
- Completed reload, in  2.650 seconds
Domain Reload Profiling:
	ReloadAssembly (2654ms)
		BeginReloadAssembly (909ms)
			ExecutionOrderSort (0ms)
			DisableScriptedObjects (105ms)
			BackupInstance (0ms)
			ReleaseScriptingObjects (0ms)
			CreateAndSetChildDomain (488ms)
		EndReloadAssembly (1559ms)
			LoadAssemblies (312ms)
			RebuildTransferFunctionScriptingTraits (1ms)
			SetupTypeCache (521ms)
			ReleaseScriptCaches (4ms)
			RebuildScriptCaches (90ms)
			SetupLoadedEditorAssemblies (645ms)
				LogAssemblyErrors (0ms)
				InitializePlatformSupportModulesInManaged (25ms)
				SetLoadedEditorAssemblies (1ms)
				RefreshPlugins (2ms)
				BeforeProcessingInitializeOnLoad (130ms)
				ProcessInitializeOnLoadAttributes (422ms)
				ProcessInitializeOnLoadMethodAttributes (52ms)
				AfterProcessingInitializeOnLoad (12ms)
				EditorAssembliesLoaded (0ms)
			ExecutionOrderSort2 (0ms)
			AwakeInstancesAfterBackupRestoration (15ms)
Platform modules already initialized, skipping
Refreshing native plugins compatible for Editor in 8.33 ms, found 4 plugins.
Preloading 0 native plugins for Editor in 0.00 ms.
Unloading 3772 Unused Serialized files (Serialized files now loaded: 0)
Unloading 22 unused Assets / (24.7 KB). Loaded Objects now: 4263.
Memory consumption went from 143.9 MB to 143.9 MB.
Total: 11.345700 ms (FindLiveObjects: 1.121800 ms CreateObjectMapping: 0.624300 ms MarkObjects: 9.335100 ms  DeleteObjects: 0.261400 ms)

AssetImportParameters requested are different than current active one (requested -> active):
  custom:video-decoder-ogg-theora: a1e56fd34408186e4bbccfd4996cb3dc -> 
  custom:container-muxer-webm: aa71ff27fc2769a1b78a27578f13a17b -> 
  custom:container-demuxer-webm: 4f35f7cbe854078d1ac9338744f61a02 -> 
  custom:video-encoder-webm-vp8: eb34c28f22e8b96e1ab97ce403110664 -> 
  custom:video-codec-MediaFoundation-h265: 746d11721c4dcdbdad8f713fa42b33f4 -> 
  custom:audio-encoder-webm-vorbis: bf7c407c2cedff20999df2af8eb42d56 -> 
  custom:framework-win-MediaFoundation: 216162199b28c13a410421893ffa2e32 -> 
  custom:container-demuxer-ogg: 62fdf1f143b41e24485cea50d1cbac27 -> 
  custom:video-decoder-webm-vp8: 9c59270c3fd7afecdb556c50c9e8de78 -> 
  custom:audio-decoder-ogg-vorbis: bf7c407c2cedff20999df2af8eb42d56 -> 
========================================================================
Received Prepare
Registering precompiled user dll's ...
Registered in 0.009476 seconds.
Begin MonoManager ReloadAssembly
Symbol file LoadedFromMemory doesn't match image C:\Users\julia\OneDrive\Área de Trabalho\jogo\2023-303-detetive\Library\PackageCache\com.unity.visualscripting@1.8.0\Editor\VisualScripting.Core\Dependencies\YamlDotNet\Unity.VisualScripting.YamlDotNet.dll
Symbol file LoadedFromMemory doesn't match image C:\Users\julia\OneDrive\Área de Trabalho\jogo\2023-303-detetive\Library\PackageCache\com.unity.visualscripting@1.8.0\Editor\VisualScripting.Core\Dependencies\DotNetZip\Unity.VisualScripting.IonicZip.dll
Native extension for WindowsStandalone target not found
Refreshing native plugins compatible for Editor in 4.03 ms, found 4 plugins.
Preloading 0 native plugins for Editor in 0.00 ms.
Mono: successfully reloaded assembly
- Completed reload, in  3.305 seconds
Domain Reload Profiling:
	ReloadAssembly (3314ms)
		BeginReloadAssembly (1221ms)
			ExecutionOrderSort (0ms)
			DisableScriptedObjects (161ms)
			BackupInstance (0ms)
			ReleaseScriptingObjects (0ms)
			CreateAndSetChildDomain (642ms)
		EndReloadAssembly (1880ms)
			LoadAssemblies (379ms)
			RebuildTransferFunctionScriptingTraits (2ms)
			SetupTypeCache (589ms)
			ReleaseScriptCaches (8ms)
			RebuildScriptCaches (105ms)
			SetupLoadedEditorAssemblies (841ms)
				LogAssemblyErrors (0ms)
				InitializePlatformSupportModulesInManaged (36ms)
				SetLoadedEditorAssemblies (4ms)
				RefreshPlugins (4ms)
				BeforeProcessingInitializeOnLoad (292ms)
				ProcessInitializeOnLoadAttributes (421ms)
				ProcessInitializeOnLoadMethodAttributes (68ms)
				AfterProcessingInitializeOnLoad (16ms)
				EditorAssembliesLoaded (1ms)
			ExecutionOrderSort2 (0ms)
			AwakeInstancesAfterBackupRestoration (17ms)
Platform modules already initialized, skipping
Refreshing native plugins compatible for Editor in 5.36 ms, found 4 plugins.
Preloading 0 native plugins for Editor in 0.00 ms.
Unloading 3772 Unused Serialized files (Serialized files now loaded: 0)
Unloading 22 unused Assets / (24.6 KB). Loaded Objects now: 4266.
Memory consumption went from 143.9 MB to 143.9 MB.
Total: 10.502400 ms (FindLiveObjects: 0.717200 ms CreateObjectMapping: 0.605500 ms MarkObjects: 9.042900 ms  DeleteObjects: 0.134400 ms)

AssetImportParameters requested are different than current active one (requested -> active):
  custom:video-decoder-ogg-theora: a1e56fd34408186e4bbccfd4996cb3dc -> 
  custom:container-muxer-webm: aa71ff27fc2769a1b78a27578f13a17b -> 
  custom:container-demuxer-webm: 4f35f7cbe854078d1ac9338744f61a02 -> 
  custom:video-encoder-webm-vp8: eb34c28f22e8b96e1ab97ce403110664 -> 
  custom:video-codec-MediaFoundation-h265: 746d11721c4dcdbdad8f713fa42b33f4 -> 
  custom:audio-encoder-webm-vorbis: bf7c407c2cedff20999df2af8eb42d56 -> 
  custom:framework-win-MediaFoundation: 216162199b28c13a410421893ffa2e32 -> 
  custom:container-demuxer-ogg: 62fdf1f143b41e24485cea50d1cbac27 -> 
  custom:video-decoder-webm-vp8: 9c59270c3fd7afecdb556c50c9e8de78 -> 
  custom:audio-decoder-ogg-vorbis: bf7c407c2cedff20999df2af8eb42d56 -> 
========================================================================
Received Prepare
Registering precompiled user dll's ...
Registered in 0.012708 seconds.
Begin MonoManager ReloadAssembly
Symbol file LoadedFromMemory doesn't match image C:\Users\julia\OneDrive\Área de Trabalho\jogo\2023-303-detetive\Library\PackageCache\com.unity.visualscripting@1.8.0\Editor\VisualScripting.Core\Dependencies\YamlDotNet\Unity.VisualScripting.YamlDotNet.dll
Symbol file LoadedFromMemory doesn't match image C:\Users\julia\OneDrive\Área de Trabalho\jogo\2023-303-detetive\Library\PackageCache\com.unity.visualscripting@1.8.0\Editor\VisualScripting.Core\Dependencies\DotNetZip\Unity.VisualScripting.IonicZip.dll
Native extension for WindowsStandalone target not found
Refreshing native plugins compatible for Editor in 1.98 ms, found 4 plugins.
Preloading 0 native plugins for Editor in 0.00 ms.
Mono: successfully reloaded assembly
- Completed reload, in  1.861 seconds
Domain Reload Profiling:
	ReloadAssembly (1863ms)
		BeginReloadAssembly (317ms)
			ExecutionOrderSort (0ms)
			DisableScriptedObjects (14ms)
			BackupInstance (0ms)
			ReleaseScriptingObjects (0ms)
			CreateAndSetChildDomain (100ms)
		EndReloadAssembly (1357ms)
			LoadAssemblies (210ms)
			RebuildTransferFunctionScriptingTraits (0ms)
			SetupTypeCache (418ms)
			ReleaseScriptCaches (3ms)
			RebuildScriptCaches (90ms)
			SetupLoadedEditorAssemblies (594ms)
				LogAssemblyErrors (0ms)
				InitializePlatformSupportModulesInManaged (22ms)
				SetLoadedEditorAssemblies (1ms)
				RefreshPlugins (2ms)
				BeforeProcessingInitializeOnLoad (119ms)
				ProcessInitializeOnLoadAttributes (372ms)
				ProcessInitializeOnLoadMethodAttributes (61ms)
				AfterProcessingInitializeOnLoad (16ms)
				EditorAssembliesLoaded (0ms)
			ExecutionOrderSort2 (0ms)
			AwakeInstancesAfterBackupRestoration (17ms)
Platform modules already initialized, skipping
Refreshing native plugins compatible for Editor in 5.63 ms, found 4 plugins.
Preloading 0 native plugins for Editor in 0.00 ms.
Unloading 3772 Unused Serialized files (Serialized files now loaded: 0)
Unloading 22 unused Assets / (24.6 KB). Loaded Objects now: 4269.
Memory consumption went from 143.9 MB to 143.9 MB.
Total: 6.390900 ms (FindLiveObjects: 0.533400 ms CreateObjectMapping: 0.308100 ms MarkObjects: 5.469700 ms  DeleteObjects: 0.077500 ms)

AssetImportParameters requested are different than current active one (requested -> active):
  custom:video-decoder-ogg-theora: a1e56fd34408186e4bbccfd4996cb3dc -> 
  custom:container-muxer-webm: aa71ff27fc2769a1b78a27578f13a17b -> 
  custom:container-demuxer-webm: 4f35f7cbe854078d1ac9338744f61a02 -> 
  custom:video-encoder-webm-vp8: eb34c28f22e8b96e1ab97ce403110664 -> 
  custom:video-codec-MediaFoundation-h265: 746d11721c4dcdbdad8f713fa42b33f4 -> 
  custom:audio-encoder-webm-vorbis: bf7c407c2cedff20999df2af8eb42d56 -> 
  custom:framework-win-MediaFoundation: 216162199b28c13a410421893ffa2e32 -> 
  custom:container-demuxer-ogg: 62fdf1f143b41e24485cea50d1cbac27 -> 
  custom:video-decoder-webm-vp8: 9c59270c3fd7afecdb556c50c9e8de78 -> 
  custom:audio-decoder-ogg-vorbis: bf7c407c2cedff20999df2af8eb42d56 -> 
