Unity Editor version:    2021.3.18f1 (3129e69bc0c7)
Branch:                  2021.3/staging
Build type:              Release
Batch mode:              YES
System name:             Linux
Distro version:          #63-Ubuntu SMP Fri Dec 16 14:32:59 UTC 2022
Kernel version:          5.14.0-1056-oem
Architecture:            x86_64
Available memory:        15744 MB
Using pre-set license
Pro License: YES
Desktop is 1920 x 1080 @ 60 Hz
Initialize udev device monitor.

COMMAND LINE ARGUMENTS:
Unity
-adb2
-batchMode
-noUpm
-name
AssetImportWorker0
-projectPath
/home/aluno/Documentos/2023-303-detetive/2023-303-detetive-4718aef950ac18644d33cfc3f690a233aae43830
-logFile
Logs/AssetImportWorker0.log
-srvPort
45207
Successfully changed project path to: /home/aluno/Documentos/2023-303-detetive/2023-303-detetive-4718aef950ac18644d33cfc3f690a233aae43830
/home/aluno/Documentos/2023-303-detetive/2023-303-detetive-4718aef950ac18644d33cfc3f690a233aae43830
[UnityMemory] Configuration Parameters - Can be set up in boot.config
    "memorysetup-bucket-allocator-granularity=16"
    "memorysetup-bucket-allocator-bucket-count=8"
    "memorysetup-bucket-allocator-block-size=33554432"
    "memorysetup-bucket-allocator-block-count=8"
    "memorysetup-main-allocator-block-size=16777216"
    "memorysetup-thread-allocator-block-size=16777216"
    "memorysetup-gfx-main-allocator-block-size=16777216"
    "memorysetup-gfx-thread-allocator-block-size=16777216"
    "memorysetup-cache-allocator-block-size=4194304"
    "memorysetup-typetree-allocator-block-size=2097152"
    "memorysetup-profiler-bucket-allocator-granularity=16"
    "memorysetup-profiler-bucket-allocator-bucket-count=8"
    "memorysetup-profiler-bucket-allocator-block-size=33554432"
    "memorysetup-profiler-bucket-allocator-block-count=8"
    "memorysetup-profiler-allocator-block-size=16777216"
    "memorysetup-profiler-editor-allocator-block-size=1048576"
    "memorysetup-temp-allocator-size-main=16777216"
    "memorysetup-job-temp-allocator-block-size=2097152"
    "memorysetup-job-temp-allocator-block-size-background=1048576"
    "memorysetup-job-temp-allocator-reduction-small-platforms=262144"
    "memorysetup-temp-allocator-size-background-worker=32768"
    "memorysetup-temp-allocator-size-job-worker=262144"
    "memorysetup-temp-allocator-size-preload-manager=33554432"
    "memorysetup-temp-allocator-size-nav-mesh-worker=65536"
    "memorysetup-temp-allocator-size-audio-worker=65536"
    "memorysetup-temp-allocator-size-cloud-worker=32768"
    "memorysetup-temp-allocator-size-gi-baking-worker=262144"
    "memorysetup-temp-allocator-size-gfx=262144"
Player connection [140505621328768] Host "[IP] 10.0.0.41 [Port] 0 [Flags] 2 [Guid] 314933575 [EditorId] 314933575 [Version] 1048832 [Id] LinuxEditor(16,10.0.0.41) [Debug] 1 [PackageName] LinuxEditor [ProjectName] Editor" joined multi-casting on [225.0.0.222:54997]...

Player connection [140505621328768] Host "[IP] 10.0.0.41 [Port] 0 [Flags] 2 [Guid] 314933575 [EditorId] 314933575 [Version] 1048832 [Id] LinuxEditor(16,10.0.0.41) [Debug] 1 [PackageName] LinuxEditor [ProjectName] Editor" joined alternative multi-casting on [225.0.0.222:34997]...

Refreshing native plugins compatible for Editor in 138,02 ms, found 1 plugins.
Preloading 0 native plugins for Editor in 0,00 ms.
Initialize engine version: 2021.3.18f1 (3129e69bc0c7)
[Subsystems] Discovering subsystems at path /home/aluno/Unity/Hub/Editor/2021.3.18f1/Editor/Data/Resources/UnitySubsystems
[Subsystems] Discovering subsystems at path /home/aluno/Documentos/2023-303-detetive/2023-303-detetive-4718aef950ac18644d33cfc3f690a233aae43830/Assets
GLX Extensions: GLX_ARB_create_context GLX_ARB_create_context_no_error GLX_ARB_create_context_profile GLX_ARB_create_context_robustness GLX_ARB_fbconfig_float GLX_ARB_framebuffer_sRGB GLX_ARB_get_proc_address GLX_ARB_multisample GLX_EXT_buffer_age GLX_EXT_create_context_es2_profile GLX_EXT_create_context_es_profile GLX_EXT_fbconfig_packed_float GLX_EXT_framebuffer_sRGB GLX_EXT_import_context GLX_EXT_no_config_context GLX_EXT_swap_control GLX_EXT_swap_control_tear GLX_EXT_texture_from_pixmap GLX_EXT_visual_info GLX_EXT_visual_rating GLX_INTEL_swap_event GLX_MESA_copy_sub_buffer GLX_MESA_query_renderer GLX_MESA_swap_control GLX_OML_swap_method GLX_OML_sync_control GLX_SGIS_multisample GLX_SGIX_fbconfig GLX_SGIX_pbuffer GLX_SGIX_visual_select_group GLX_SGI_make_current_read GLX_SGI_swap_control GLX_SGI_video_sync 
Renderer: Mesa Intel(R) UHD Graphics 630 (CML GT2)
Vendor:   Intel
Version:  4.6 (Core Profile) Mesa 21.2.6
GLES:     0
 GL_3DFX_texture_compression_FXT1 GL_AMD_conservative_depth GL_AMD_depth_clamp_separate GL_AMD_draw_buffers_blend GL_AMD_gpu_shader_int64 GL_AMD_multi_draw_indirect GL_AMD_performance_monitor GL_AMD_pinned_memory GL_AMD_query_buffer_object GL_AMD_seamless_cubemap_per_texture GL_AMD_shader_stencil_export GL_AMD_shader_trinary_minmax GL_AMD_texture_texture4 GL_AMD_vertex_shader_layer GL_AMD_vertex_shader_viewport_index GL_ANGLE_texture_compression_dxt3 GL_ANGLE_texture_compression_dxt5 GL_ARB_ES2_compatibility GL_ARB_ES3_1_compatibility GL_ARB_ES3_2_compatibility GL_ARB_ES3_compatibility GL_ARB_arrays_of_arrays GL_ARB_base_instance GL_ARB_blend_func_extended GL_ARB_buffer_storage GL_ARB_clear_buffer_object GL_ARB_clear_texture GL_ARB_clip_control GL_ARB_compressed_texture_pixel_storage GL_ARB_compute_shader GL_ARB_compute_variable_group_size GL_ARB_conditional_render_inverted GL_ARB_conservative_depth GL_ARB_copy_buffer GL_ARB_copy_image GL_ARB_cull_distance GL_ARB_debug_output GL_ARB_depth_buffer_float GL_ARB
_depth_clamp GL_ARB_derivative_control GL_ARB_direct_state_access GL_ARB_draw_buffers GL_ARB_draw_buffers_blend GL_ARB_draw_elements_base_vertex GL_ARB_draw_indirect GL_ARB_draw_instanced GL_ARB_enhanced_layouts GL_ARB_explicit_attrib_location GL_ARB_explicit_uniform_location GL_ARB_fragment_coord_conventions GL_ARB_fragment_layer_viewport GL_ARB_fragment_shader GL_ARB_fragment_shader_interlock GL_ARB_framebuffer_no_attachments GL_ARB_framebuffer_object GL_ARB_framebuffer_sRGB GL_ARB_get_program_binary GL_ARB_get_texture_sub_image GL_ARB_gl_spirv GL_ARB_gpu_shader5 GL_ARB_gpu_shader_fp64 GL_ARB_gpu_shader_int64 GL_ARB_half_float_pixel GL_ARB_half_float_vertex GL_ARB_indirect_parameters GL_ARB_instanced_arrays GL_ARB_internalformat_query GL_ARB_internalformat_query2 GL_ARB_invalidate_subdata GL_ARB_map_buffer_alignment GL_ARB_map_buffer_range GL_ARB_multi_bind GL_ARB_multi_draw_indirect GL_ARB_occlusion_query2 GL_ARB_parallel_shader_compile GL_ARB_pipeline_statistics_query GL_ARB_pixel_buffer_object GL_ARB_po
int_sprite GL_ARB_polygon_offset_clamp GL_ARB_post_depth_coverage GL_ARB_program_interface_query GL_ARB_provoking_vertex GL_ARB_query_buffer_object GL_ARB_robust_buffer_access_behavior GL_ARB_robustness GL_ARB_sample_shading GL_ARB_sampler_objects GL_ARB_seamless_cube_map GL_ARB_seamless_cubemap_per_texture GL_ARB_separate_shader_objects GL_ARB_shader_atomic_counter_ops GL_ARB_shader_atomic_counters GL_ARB_shader_ballot GL_ARB_shader_bit_encoding GL_ARB_shader_clock GL_ARB_shader_draw_parameters GL_ARB_shader_group_vote GL_ARB_shader_image_load_store GL_ARB_shader_image_size GL_ARB_shader_objects GL_ARB_shader_precision GL_ARB_shader_stencil_export GL_ARB_shader_storage_buffer_object GL_ARB_shader_subroutine GL_ARB_shader_texture_image_samples GL_ARB_shader_texture_lod GL_ARB_shader_viewport_layer_array GL_ARB_shading_language_420pack GL_ARB_shading_language_include GL_ARB_shading_language_packing GL_ARB_spirv_extensions GL_ARB_stencil_texturing GL_ARB_sync GL_ARB_tessellation_shader GL_ARB_texture_barrier G
L_ARB_texture_buffer_object GL_ARB_texture_buffer_object_rgb32 GL_ARB_texture_buffer_range GL_ARB_texture_compression_bptc GL_ARB_texture_compression_rgtc GL_ARB_texture_cube_map_array GL_ARB_texture_filter_anisotropic GL_ARB_texture_float GL_ARB_texture_gather GL_ARB_texture_mirror_clamp_to_edge GL_ARB_texture_multisample GL_ARB_texture_non_power_of_two GL_ARB_texture_query_levels GL_ARB_texture_query_lod GL_ARB_texture_rectangle GL_ARB_texture_rg GL_ARB_texture_rgb10_a2ui GL_ARB_texture_stencil8 GL_ARB_texture_storage GL_ARB_texture_storage_multisample GL_ARB_texture_swizzle GL_ARB_texture_view GL_ARB_timer_query GL_ARB_transform_feedback2 GL_ARB_transform_feedback3 GL_ARB_transform_feedback_instanced GL_ARB_transform_feedback_overflow_query GL_ARB_uniform_buffer_object GL_ARB_vertex_array_bgra GL_ARB_vertex_array_object GL_ARB_vertex_attrib_64bit GL_ARB_vertex_attrib_binding GL_ARB_vertex_buffer_object GL_ARB_vertex_shader GL_ARB_vertex_type_10f_11f_11f_rev GL_ARB_vertex_type_2_10_10_10_rev GL_ARB_viewpor
t_array GL_ATI_blend_equation_separate GL_ATI_texture_float GL_EXT_EGL_image_storage GL_EXT_EGL_sync GL_EXT_abgr GL_EXT_blend_equation_separate GL_EXT_demote_to_helper_invocation GL_EXT_draw_buffers2 GL_EXT_draw_instanced GL_EXT_framebuffer_blit GL_EXT_framebuffer_multisample GL_EXT_framebuffer_multisample_blit_scaled GL_EXT_framebuffer_object GL_EXT_framebuffer_sRGB GL_EXT_memory_object GL_EXT_memory_object_fd GL_EXT_packed_depth_stencil GL_EXT_packed_float GL_EXT_pixel_buffer_object GL_EXT_polygon_offset_clamp GL_EXT_provoking_vertex GL_EXT_semaphore GL_EXT_semaphore_fd GL_EXT_shader_framebuffer_fetch GL_EXT_shader_framebuffer_fetch_non_coherent GL_EXT_shader_integer_mix GL_EXT_shader_samples_identical GL_EXT_texture_array GL_EXT_texture_compression_dxt1 GL_EXT_texture_compression_rgtc GL_EXT_texture_compression_s3tc GL_EXT_texture_filter_anisotropic GL_EXT_texture_integer GL_EXT_texture_sRGB GL_EXT_texture_sRGB_R8 GL_EXT_texture_sRGB_decode GL_EXT_texture_shadow_lod GL_EXT_texture_shared_exponent GL_EXT_t
exture_snorm GL_EXT_texture_swizzle GL_EXT_timer_query GL_EXT_transform_feedback GL_EXT_vertex_array_bgra GL_EXT_vertex_attrib_64bit GL_IBM_multimode_draw_arrays GL_INTEL_blackhole_render GL_INTEL_conservative_rasterization GL_INTEL_performance_query GL_INTEL_shader_atomic_float_minmax GL_INTEL_shader_integer_functions2 GL_KHR_blend_equation_advanced GL_KHR_blend_equation_advanced_coherent GL_KHR_context_flush_control GL_KHR_debug GL_KHR_no_error GL_KHR_parallel_shader_compile GL_KHR_robust_buffer_access_behavior GL_KHR_robustness GL_KHR_texture_compression_astc_ldr GL_KHR_texture_compression_astc_sliced_3d GL_MESA_framebuffer_flip_y GL_MESA_pack_invert GL_MESA_shader_integer_functions GL_MESA_texture_signed_rgba GL_NV_compute_shader_derivatives GL_NV_conditional_render GL_NV_copy_image GL_NV_depth_clamp GL_NV_fragment_shader_interlock GL_NV_packed_depth_stencil GL_NV_texture_barrier GL_OES_EGL_image GL_S3_s3tc
OPENGL LOG: Creating OpenGL 4.6 graphics device ; Context level  <OpenGL 4.5> ; Context handle 985820688
Initialize mono
Mono path[0] = '/home/aluno/Unity/Hub/Editor/2021.3.18f1/Editor/Data/Managed'
Mono path[1] = '/home/aluno/Unity/Hub/Editor/2021.3.18f1/Editor/Data/MonoBleedingEdge/lib/mono/unityjit-linux'
Mono config path = '/home/aluno/Unity/Hub/Editor/2021.3.18f1/Editor/Data/MonoBleedingEdge/etc'
Using monoOptions --debugger-agent=transport=dt_socket,embedding=1,server=y,suspend=n,address=127.0.0.1:56165
Begin MonoManager ReloadAssembly
Registering precompiled unity dll's ...
Register platform support module: /home/aluno/Unity/Hub/Editor/2021.3.18f1/Editor/Data/PlaybackEngines/LinuxStandaloneSupport/UnityEditor.LinuxStandalone.Extensions.dll
Registered in 0,006734 seconds.
Native extension for LinuxStandalone target not found
Refreshing native plugins compatible for Editor in 143,31 ms, found 1 plugins.
Preloading 0 native plugins for Editor in 0,00 ms.
Mono: successfully reloaded assembly
- Completed reload, in  0,866 seconds
Domain Reload Profiling:
	ReloadAssembly (866ms)
		BeginReloadAssembly (66ms)
			ExecutionOrderSort (0ms)
			DisableScriptedObjects (0ms)
			BackupInstance (0ms)
			ReleaseScriptingObjects (0ms)
			CreateAndSetChildDomain (1ms)
		EndReloadAssembly (655ms)
			LoadAssemblies (64ms)
			RebuildTransferFunctionScriptingTraits (0ms)
			SetupTypeCache (147ms)
			ReleaseScriptCaches (0ms)
			RebuildScriptCaches (44ms)
			SetupLoadedEditorAssemblies (396ms)
				LogAssemblyErrors (0ms)
				InitializePlatformSupportModulesInManaged (10ms)
				SetLoadedEditorAssemblies (0ms)
				RefreshPlugins (143ms)
				BeforeProcessingInitializeOnLoad (2ms)
				ProcessInitializeOnLoadAttributes (182ms)
				ProcessInitializeOnLoadMethodAttributes (58ms)
				AfterProcessingInitializeOnLoad (0ms)
				EditorAssembliesLoaded (0ms)
			ExecutionOrderSort2 (0ms)
			AwakeInstancesAfterBackupRestoration (0ms)
Platform modules already initialized, skipping
Registering precompiled user dll's ...
Registered in 0,005138 seconds.
Begin MonoManager ReloadAssembly
Symbol file LoadedFromMemory doesn't match image /home/aluno/Documentos/2023-303-detetive/2023-303-detetive-4718aef950ac18644d33cfc3f690a233aae43830/Library/PackageCache/com.unity.visualscripting@1.8.0/Editor/VisualScripting.Core/Dependencies/YamlDotNet/Unity.VisualScripting.YamlDotNet.dll
Symbol file LoadedFromMemory doesn't match image /home/aluno/Documentos/2023-303-detetive/2023-303-detetive-4718aef950ac18644d33cfc3f690a233aae43830/Library/PackageCache/com.unity.visualscripting@1.8.0/Editor/VisualScripting.Core/Dependencies/DotNetZip/Unity.VisualScripting.IonicZip.dll
Native extension for LinuxStandalone target not found
Refreshing native plugins compatible for Editor in 141,06 ms, found 1 plugins.
Preloading 0 native plugins for Editor in 0,00 ms.
Mono: successfully reloaded assembly
- Completed reload, in  1,467 seconds
Domain Reload Profiling:
	ReloadAssembly (1468ms)
		BeginReloadAssembly (116ms)
			ExecutionOrderSort (0ms)
			DisableScriptedObjects (8ms)
			BackupInstance (0ms)
			ReleaseScriptingObjects (0ms)
			CreateAndSetChildDomain (22ms)
		EndReloadAssembly (1192ms)
			LoadAssemblies (70ms)
			RebuildTransferFunctionScriptingTraits (0ms)
			SetupTypeCache (319ms)
			ReleaseScriptCaches (1ms)
			RebuildScriptCaches (88ms)
			SetupLoadedEditorAssemblies (630ms)
				LogAssemblyErrors (0ms)
				InitializePlatformSupportModulesInManaged (8ms)
				SetLoadedEditorAssemblies (0ms)
				RefreshPlugins (141ms)
				BeforeProcessingInitializeOnLoad (112ms)
				ProcessInitializeOnLoadAttributes (313ms)
				ProcessInitializeOnLoadMethodAttributes (50ms)
				AfterProcessingInitializeOnLoad (7ms)
				EditorAssembliesLoaded (0ms)
			ExecutionOrderSort2 (0ms)
			AwakeInstancesAfterBackupRestoration (5ms)
Platform modules already initialized, skipping
========================================================================
Worker process is ready to serve import requests
Launched and connected shader compiler UnityShaderCompiler after 0.01 seconds
Refreshing native plugins compatible for Editor in 1,11 ms, found 1 plugins.
Preloading 0 native plugins for Editor in 0,00 ms.
Unloading 3798 Unused Serialized files (Serialized files now loaded: 0)
Unloading 35 unused Assets / (37,0 KB). Loaded Objects now: 4258.
Memory consumption went from 142,9 MB to 142,9 MB.
Total: 5,153198 ms (FindLiveObjects: 0,328925 ms CreateObjectMapping: 0,311995 ms MarkObjects: 4,348143 ms  DeleteObjects: 0,162726 ms)

AssetImportParameters requested are different than current active one (requested -> active):
  custom:video-decoder-ogg-theora: a1e56fd34408186e4bbccfd4996cb3dc -> 
  custom:container-muxer-webm: aa71ff27fc2769a1b78a27578f13a17b -> 
  custom:container-demuxer-webm: 4f35f7cbe854078d1ac9338744f61a02 -> 
  custom:video-encoder-webm-vp8: eb34c28f22e8b96e1ab97ce403110664 -> 
  custom:audio-encoder-webm-vorbis: bf7c407c2cedff20999df2af8eb42d56 -> 
  custom:container-demuxer-ogg: 62fdf1f143b41e24485cea50d1cbac27 -> 
  custom:video-decoder-webm-vp8: 9c59270c3fd7afecdb556c50c9e8de78 -> 
  custom:audio-decoder-ogg-vorbis: bf7c407c2cedff20999df2af8eb42d56 -> 
========================================================================
Received Import Request.
  Time since last request: 136,281169 seconds.
  path: Assets/images/Cenario/banheiro/banheiro__67.asset
  artifactKey: Guid(3fb268cf5447de8bf9f6c00edf87687e) Importer(815301076,1909f56bfc062723c751e8b465ee728b)
Start importing Assets/images/Cenario/banheiro/banheiro__67.asset using Guid(3fb268cf5447de8bf9f6c00edf87687e) Importer(815301076,1909f56bfc062723c751e8b465ee728b)  -> (artifact id: 'a3e2e6cbdcf8ae0110630650c0f007c0') in 0,054435 seconds 
========================================================================
Received Import Request.
  Time since last request: 0,000017 seconds.
  path: Assets/images/Cenario/banheiro/banheiro__70.asset
  artifactKey: Guid(eb3789d5b6f439123a3294722c8278cc) Importer(815301076,1909f56bfc062723c751e8b465ee728b)
Start importing Assets/images/Cenario/banheiro/banheiro__70.asset using Guid(eb3789d5b6f439123a3294722c8278cc) Importer(815301076,1909f56bfc062723c751e8b465ee728b)  -> (artifact id: 'c8b136c26180b6b38ba24bbfac08101e') in 0,004187 seconds 
========================================================================
Received Import Request.
  Time since last request: 0,000017 seconds.
  path: Assets/images/Cenario/banheiro/banheiro__76.asset
  artifactKey: Guid(cb3f666ba46b2e18795d7bcdc9b6ddf0) Importer(815301076,1909f56bfc062723c751e8b465ee728b)
Start importing Assets/images/Cenario/banheiro/banheiro__76.asset using Guid(cb3f666ba46b2e18795d7bcdc9b6ddf0) Importer(815301076,1909f56bfc062723c751e8b465ee728b)  -> (artifact id: 'dcd8c6148a4f197a5c1e5146b39017db') in 0,003788 seconds 
========================================================================
Received Import Request.
  Time since last request: 0,000017 seconds.
  path: Assets/images/Cenario/banheiro/banheiro__69.asset
  artifactKey: Guid(1b6cd0518860b24db84f7d8afb0978ad) Importer(815301076,1909f56bfc062723c751e8b465ee728b)
Start importing Assets/images/Cenario/banheiro/banheiro__69.asset using Guid(1b6cd0518860b24db84f7d8afb0978ad) Importer(815301076,1909f56bfc062723c751e8b465ee728b)  -> (artifact id: 'e77957b124146eb409aaed24216ea5c2') in 0,004327 seconds 
========================================================================
Received Import Request.
  Time since last request: 0,000020 seconds.
  path: Assets/images/Cenario/banheiro/banheiro__72.asset
  artifactKey: Guid(01de7ec1137648dbb9a26a7d81b00438) Importer(815301076,1909f56bfc062723c751e8b465ee728b)
Start importing Assets/images/Cenario/banheiro/banheiro__72.asset using Guid(01de7ec1137648dbb9a26a7d81b00438) Importer(815301076,1909f56bfc062723c751e8b465ee728b)  -> (artifact id: '092b0a8a6673a4e4cca4c5c0ca85f55a') in 0,004315 seconds 
========================================================================
Received Import Request.
  Time since last request: 0,000018 seconds.
  path: Assets/images/Cenario/banheiro/banheiro__64.asset
  artifactKey: Guid(2cc2ee276a8f84c2d9d8665a76d6fb7b) Importer(815301076,1909f56bfc062723c751e8b465ee728b)
Start importing Assets/images/Cenario/banheiro/banheiro__64.asset using Guid(2cc2ee276a8f84c2d9d8665a76d6fb7b) Importer(815301076,1909f56bfc062723c751e8b465ee728b)  -> (artifact id: 'd8a55a6867d98cfe603ed3b20948224d') in 0,003822 seconds 
========================================================================
Received Import Request.
  Time since last request: 0,000022 seconds.
  path: Assets/images/Cenario/banheiro/banheiro__74.asset
  artifactKey: Guid(80854e50b492369dc96c348faf443286) Importer(815301076,1909f56bfc062723c751e8b465ee728b)
Start importing Assets/images/Cenario/banheiro/banheiro__74.asset using Guid(80854e50b492369dc96c348faf443286) Importer(815301076,1909f56bfc062723c751e8b465ee728b)  -> (artifact id: '5d685e5e125e91b425f59bef5b0faa74') in 0,004448 seconds 
========================================================================
Received Import Request.
  Time since last request: 0,000020 seconds.
  path: Assets/images/Cenario/banheiro/banheiro__66.asset
  artifactKey: Guid(c80206cb4e3c77b6e91742e3760b6653) Importer(815301076,1909f56bfc062723c751e8b465ee728b)
Start importing Assets/images/Cenario/banheiro/banheiro__66.asset using Guid(c80206cb4e3c77b6e91742e3760b6653) Importer(815301076,1909f56bfc062723c751e8b465ee728b)  -> (artifact id: 'e1bebefb3eb812d53d28c0a75e997a8b') in 0,004425 seconds 
========================================================================
Received Import Request.
  Time since last request: 0,000022 seconds.
  path: Assets/images/Cenario/banheiro/banheiro__78.asset
  artifactKey: Guid(c0752a9bed35163d89f82f476062cc05) Importer(815301076,1909f56bfc062723c751e8b465ee728b)
Start importing Assets/images/Cenario/banheiro/banheiro__78.asset using Guid(c0752a9bed35163d89f82f476062cc05) Importer(815301076,1909f56bfc062723c751e8b465ee728b)  -> (artifact id: 'd0837a2e75126e85ed69892d27b0d814') in 0,004037 seconds 
========================================================================
Received Import Request.
  Time since last request: 0,000017 seconds.
  path: Assets/images/Cenario/banheiro/banheiro__63.asset
  artifactKey: Guid(f5f5708827949fd2d99e49467d2ecac5) Importer(815301076,1909f56bfc062723c751e8b465ee728b)
Start importing Assets/images/Cenario/banheiro/banheiro__63.asset using Guid(f5f5708827949fd2d99e49467d2ecac5) Importer(815301076,1909f56bfc062723c751e8b465ee728b)  -> (artifact id: '90c93c8cadac4cbc9a1c9b818d4e16b4') in 0,004450 seconds 
========================================================================
Received Import Request.
  Time since last request: 212,777480 seconds.
  path: Assets/images/Cenario/cena/ajustes_0.asset
  artifactKey: Guid(7de450b610e50144f9a6f52e5a53e70a) Importer(815301076,1909f56bfc062723c751e8b465ee728b)
Start importing Assets/images/Cenario/cena/ajustes_0.asset using Guid(7de450b610e50144f9a6f52e5a53e70a) Importer(815301076,1909f56bfc062723c751e8b465ee728b)  -> (artifact id: 'dc0773c45f313c9b1dc9aeb8f213f5de') in 0,004295 seconds 
========================================================================
Received Import Request.
  Time since last request: 0,000017 seconds.
  path: Assets/images/Cenario/cena/ajustes_14.asset
  artifactKey: Guid(7d39bf73dd73e49c5869d417e8c02f77) Importer(815301076,1909f56bfc062723c751e8b465ee728b)
Start importing Assets/images/Cenario/cena/ajustes_14.asset using Guid(7d39bf73dd73e49c5869d417e8c02f77) Importer(815301076,1909f56bfc062723c751e8b465ee728b)  -> (artifact id: '0bff479758bd0c90bc8803059e5d862b') in 0,005322 seconds 
========================================================================
Received Import Request.
  Time since last request: 0,000023 seconds.
  path: Assets/images/Cenario/cena/ajustes_48.asset
  artifactKey: Guid(180c70961a71f02d6a91d6a458e95e95) Importer(815301076,1909f56bfc062723c751e8b465ee728b)
Start importing Assets/images/Cenario/cena/ajustes_48.asset using Guid(180c70961a71f02d6a91d6a458e95e95) Importer(815301076,1909f56bfc062723c751e8b465ee728b)  -> (artifact id: '953ccb6907a291a2ec8f42e82326c1c4') in 0,004138 seconds 
========================================================================
Received Import Request.
  Time since last request: 0,000019 seconds.
  path: Assets/images/Cenario/cena/ajustes_38.asset
  artifactKey: Guid(86941bdffca57b631880d1ce2e7f7989) Importer(815301076,1909f56bfc062723c751e8b465ee728b)
Start importing Assets/images/Cenario/cena/ajustes_38.asset using Guid(86941bdffca57b631880d1ce2e7f7989) Importer(815301076,1909f56bfc062723c751e8b465ee728b)  -> (artifact id: '62aca418d74e5fed45fb2ba5036163d6') in 0,004090 seconds 
========================================================================
Received Import Request.
  Time since last request: 0,000017 seconds.
  path: Assets/images/Cenario/cena/ajustes_31.asset
  artifactKey: Guid(d030bbbe2495243dcb4675d5085c486e) Importer(815301076,1909f56bfc062723c751e8b465ee728b)
Start importing Assets/images/Cenario/cena/ajustes_31.asset using Guid(d030bbbe2495243dcb4675d5085c486e) Importer(815301076,1909f56bfc062723c751e8b465ee728b)  -> (artifact id: '7933a501cbeff9c15cef510febebaee6') in 0,004565 seconds 
========================================================================
Received Import Request.
  Time since last request: 0,000021 seconds.
  path: Assets/images/Cenario/cena/ajustes_16.asset
  artifactKey: Guid(2f8a290fb603d85998e6cc62b8be8d1d) Importer(815301076,1909f56bfc062723c751e8b465ee728b)
Start importing Assets/images/Cenario/cena/ajustes_16.asset using Guid(2f8a290fb603d85998e6cc62b8be8d1d) Importer(815301076,1909f56bfc062723c751e8b465ee728b)  -> (artifact id: '2772e5ac9452fe066f778d6e5d2c3afc') in 0,004931 seconds 
========================================================================
Received Import Request.
  Time since last request: 0,000019 seconds.
  path: Assets/images/Cenario/cena/ajustes_17.asset
  artifactKey: Guid(e2e92620cd2d50781b065ccbd9b9eca7) Importer(815301076,1909f56bfc062723c751e8b465ee728b)
Start importing Assets/images/Cenario/cena/ajustes_17.asset using Guid(e2e92620cd2d50781b065ccbd9b9eca7) Importer(815301076,1909f56bfc062723c751e8b465ee728b)  -> (artifact id: 'c9c71d9e9349b247e3c3a019756343ef') in 0,005881 seconds 
========================================================================
Received Import Request.
  Time since last request: 0,000018 seconds.
  path: Assets/images/Cenario/cena/ajustes_19.asset
  artifactKey: Guid(3bfad9e9b1ad1a55b91610bb72b66ac8) Importer(815301076,1909f56bfc062723c751e8b465ee728b)
Start importing Assets/images/Cenario/cena/ajustes_19.asset using Guid(3bfad9e9b1ad1a55b91610bb72b66ac8) Importer(815301076,1909f56bfc062723c751e8b465ee728b)  -> (artifact id: '2f42be92ad4159477e4ccd5cfb645fff') in 0,004786 seconds 
========================================================================
Received Import Request.
  Time since last request: 0,000020 seconds.
  path: Assets/images/Cenario/cena/ajustes_13.asset
  artifactKey: Guid(62cb1b9b881e7c2f7932fe44a38b3b57) Importer(815301076,1909f56bfc062723c751e8b465ee728b)
Start importing Assets/images/Cenario/cena/ajustes_13.asset using Guid(62cb1b9b881e7c2f7932fe44a38b3b57) Importer(815301076,1909f56bfc062723c751e8b465ee728b)  -> (artifact id: 'bd9307b721f8275f93bdd73dd64cc3f7') in 0,004419 seconds 
========================================================================
Received Import Request.
  Time since last request: 0,000023 seconds.
  path: Assets/images/Cenario/cena/ajustes_23.asset
  artifactKey: Guid(fe1735254389574039c17874e199c0a4) Importer(815301076,1909f56bfc062723c751e8b465ee728b)
Start importing Assets/images/Cenario/cena/ajustes_23.asset using Guid(fe1735254389574039c17874e199c0a4) Importer(815301076,1909f56bfc062723c751e8b465ee728b)  -> (artifact id: '936b4e87791a103c8b0dda4668d53325') in 0,005060 seconds 
========================================================================
Received Import Request.
  Time since last request: 0,000024 seconds.
  path: Assets/images/Cenario/cena/ajustes_2.asset
  artifactKey: Guid(8a349a09b1f0818b7b5ab24e05657a0c) Importer(815301076,1909f56bfc062723c751e8b465ee728b)
Start importing Assets/images/Cenario/cena/ajustes_2.asset using Guid(8a349a09b1f0818b7b5ab24e05657a0c) Importer(815301076,1909f56bfc062723c751e8b465ee728b)  -> (artifact id: '466cc9da57726e5cf60f51c42baa4df6') in 0,005003 seconds 
========================================================================
Received Import Request.
  Time since last request: 0,000031 seconds.
  path: Assets/images/Cenario/cena/ajustes_36.asset
  artifactKey: Guid(3bce4ef6355c1d990a4a456533d50279) Importer(815301076,1909f56bfc062723c751e8b465ee728b)
Start importing Assets/images/Cenario/cena/ajustes_36.asset using Guid(3bce4ef6355c1d990a4a456533d50279) Importer(815301076,1909f56bfc062723c751e8b465ee728b)  -> (artifact id: '85945a2a26ea09f4aa5b343bf1aa818f') in 0,004905 seconds 
========================================================================
Received Import Request.
  Time since last request: 0,000023 seconds.
  path: Assets/images/Cenario/cena/ajustes_3.asset
  artifactKey: Guid(57bc489274f139bdb9ad8336bbedcdaa) Importer(815301076,1909f56bfc062723c751e8b465ee728b)
Start importing Assets/images/Cenario/cena/ajustes_3.asset using Guid(57bc489274f139bdb9ad8336bbedcdaa) Importer(815301076,1909f56bfc062723c751e8b465ee728b)  -> (artifact id: 'fc9c31e43eab2cdbd99dc94c1aeb4d70') in 0,005068 seconds 
========================================================================
Received Import Request.
  Time since last request: 0,000018 seconds.
  path: Assets/images/Cenario/cena/ajustes_37.asset
  artifactKey: Guid(c41ba9005bce27211924849034b76b99) Importer(815301076,1909f56bfc062723c751e8b465ee728b)
Start importing Assets/images/Cenario/cena/ajustes_37.asset using Guid(c41ba9005bce27211924849034b76b99) Importer(815301076,1909f56bfc062723c751e8b465ee728b)  -> (artifact id: 'fcc92322728eacf9412c1359b9fbd5f1') in 0,004990 seconds 
========================================================================
Received Import Request.
  Time since last request: 0,000024 seconds.
  path: Assets/images/Cenario/cena/ajustes_27.asset
  artifactKey: Guid(3117fd05efaeae416b50aca8be649844) Importer(815301076,1909f56bfc062723c751e8b465ee728b)
Start importing Assets/images/Cenario/cena/ajustes_27.asset using Guid(3117fd05efaeae416b50aca8be649844) Importer(815301076,1909f56bfc062723c751e8b465ee728b)  -> (artifact id: 'c51879c639a6e97eb43f78d4643d4a28') in 0,006181 seconds 
========================================================================
Received Import Request.
  Time since last request: 0,000023 seconds.
  path: Assets/images/Cenario/cena/ajustes_57.asset
  artifactKey: Guid(5f9895208a7844e1bb657bc0ff68e44c) Importer(815301076,1909f56bfc062723c751e8b465ee728b)
Start importing Assets/images/Cenario/cena/ajustes_57.asset using Guid(5f9895208a7844e1bb657bc0ff68e44c) Importer(815301076,1909f56bfc062723c751e8b465ee728b)  -> (artifact id: '2a0ce18bcb32b55548f32b0af5a4f5a0') in 0,005347 seconds 
========================================================================
Received Import Request.
  Time since last request: 0,000023 seconds.
  path: Assets/images/Cenario/cena/ajustes_5.asset
  artifactKey: Guid(db6b405f965f353049ae30d1b6136c17) Importer(815301076,1909f56bfc062723c751e8b465ee728b)
Start importing Assets/images/Cenario/cena/ajustes_5.asset using Guid(db6b405f965f353049ae30d1b6136c17) Importer(815301076,1909f56bfc062723c751e8b465ee728b)  -> (artifact id: '108d3356474cba8eb7252d2aaa20c992') in 0,003561 seconds 
========================================================================
Received Import Request.
  Time since last request: 0,000013 seconds.
  path: Assets/images/Cenario/cena/ajustes_51.asset
  artifactKey: Guid(285bee80fc823ae7ab6e67829983530a) Importer(815301076,1909f56bfc062723c751e8b465ee728b)
Start importing Assets/images/Cenario/cena/ajustes_51.asset using Guid(285bee80fc823ae7ab6e67829983530a) Importer(815301076,1909f56bfc062723c751e8b465ee728b)  -> (artifact id: '176bfdebbd16aa9776dac540f8104375') in 0,003564 seconds 
========================================================================
Received Import Request.
  Time since last request: 0,000018 seconds.
  path: Assets/images/Cenario/cena/ajustes_46.asset
  artifactKey: Guid(9b3d2875178a168aea01ab33b9705d6b) Importer(815301076,1909f56bfc062723c751e8b465ee728b)
Start importing Assets/images/Cenario/cena/ajustes_46.asset using Guid(9b3d2875178a168aea01ab33b9705d6b) Importer(815301076,1909f56bfc062723c751e8b465ee728b)  -> (artifact id: 'f55707e663d7d7c1f60245c6ea3d915b') in 0,003683 seconds 
========================================================================
Received Import Request.
  Time since last request: 0,000016 seconds.
  path: Assets/images/Cenario/cena/ajustes_59.asset
  artifactKey: Guid(77cb25c483ce12b9cb5c6cae363d8576) Importer(815301076,1909f56bfc062723c751e8b465ee728b)
Start importing Assets/images/Cenario/cena/ajustes_59.asset using Guid(77cb25c483ce12b9cb5c6cae363d8576) Importer(815301076,1909f56bfc062723c751e8b465ee728b)  -> (artifact id: '872524d555bf9b327c5bceb6acc61973') in 0,006759 seconds 
========================================================================
Received Import Request.
  Time since last request: 0,000018 seconds.
  path: Assets/images/Cenario/cena/ajustes_47.asset
  artifactKey: Guid(a51ec4b37a3a7bb11a365ce49ca76736) Importer(815301076,1909f56bfc062723c751e8b465ee728b)
Start importing Assets/images/Cenario/cena/ajustes_47.asset using Guid(a51ec4b37a3a7bb11a365ce49ca76736) Importer(815301076,1909f56bfc062723c751e8b465ee728b)  -> (artifact id: '12b3b65552156853379d50dbeafe3b99') in 0,004529 seconds 
========================================================================
Received Import Request.
  Time since last request: 0,000022 seconds.
  path: Assets/images/Cenario/cena/ajustes_33.asset
  artifactKey: Guid(c65fb5cf10b9ed335a4c6987d08f521f) Importer(815301076,1909f56bfc062723c751e8b465ee728b)
Start importing Assets/images/Cenario/cena/ajustes_33.asset using Guid(c65fb5cf10b9ed335a4c6987d08f521f) Importer(815301076,1909f56bfc062723c751e8b465ee728b)  -> (artifact id: '96d5c10c08ed73a12563bdec88eb0a19') in 0,004204 seconds 
========================================================================
Received Import Request.
  Time since last request: 0,000023 seconds.
  path: Assets/images/Cenario/cena/ajustes_60.asset
  artifactKey: Guid(df61e471e373f9ca788a26bca385ebb0) Importer(815301076,1909f56bfc062723c751e8b465ee728b)
Start importing Assets/images/Cenario/cena/ajustes_60.asset using Guid(df61e471e373f9ca788a26bca385ebb0) Importer(815301076,1909f56bfc062723c751e8b465ee728b)  -> (artifact id: 'e43fd65922f54c318ec2afb4ef83892d') in 0,004386 seconds 
========================================================================
Received Import Request.
  Time since last request: 0,000021 seconds.
  path: Assets/images/Cenario/cena/ajustes_20.asset
  artifactKey: Guid(4149ba7472e5a17e983e4d2c2eac2947) Importer(815301076,1909f56bfc062723c751e8b465ee728b)
Start importing Assets/images/Cenario/cena/ajustes_20.asset using Guid(4149ba7472e5a17e983e4d2c2eac2947) Importer(815301076,1909f56bfc062723c751e8b465ee728b)  -> (artifact id: '13b882a445ab19f2bee489bf4d275f90') in 0,004313 seconds 
========================================================================
Received Import Request.
  Time since last request: 0,000019 seconds.
  path: Assets/images/Cenario/cena/ajustes_62.asset
  artifactKey: Guid(58b97a84884da2788b3102d1c5798f24) Importer(815301076,1909f56bfc062723c751e8b465ee728b)
Start importing Assets/images/Cenario/cena/ajustes_62.asset using Guid(58b97a84884da2788b3102d1c5798f24) Importer(815301076,1909f56bfc062723c751e8b465ee728b)  -> (artifact id: '82c651a7b685f3907b533d7212b0aa65') in 0,004581 seconds 
========================================================================
Received Import Request.
  Time since last request: 0,000018 seconds.
  path: Assets/images/Cenario/cena/ajustes_44.asset
  artifactKey: Guid(1ec1aa3f30a777e20bc5f5ba799fe5dc) Importer(815301076,1909f56bfc062723c751e8b465ee728b)
Start importing Assets/images/Cenario/cena/ajustes_44.asset using Guid(1ec1aa3f30a777e20bc5f5ba799fe5dc) Importer(815301076,1909f56bfc062723c751e8b465ee728b)  -> (artifact id: '811441048123d139330ce7cdbd403aa0') in 0,003983 seconds 
========================================================================
Received Import Request.
  Time since last request: 0,000018 seconds.
  path: Assets/images/Cenario/cena/ajustes_9.asset
  artifactKey: Guid(8234d42a7b1f48700a0fd70126def5b4) Importer(815301076,1909f56bfc062723c751e8b465ee728b)
Start importing Assets/images/Cenario/cena/ajustes_9.asset using Guid(8234d42a7b1f48700a0fd70126def5b4) Importer(815301076,1909f56bfc062723c751e8b465ee728b)  -> (artifact id: '17902ce87f5970f4b29c69287a06b921') in 0,004149 seconds 
========================================================================
Received Import Request.
  Time since last request: 0,000020 seconds.
  path: Assets/images/Cenario/cena/ajustes_8.asset
  artifactKey: Guid(1e073bb3d6bbec5fa864cb1a4979684c) Importer(815301076,1909f56bfc062723c751e8b465ee728b)
Start importing Assets/images/Cenario/cena/ajustes_8.asset using Guid(1e073bb3d6bbec5fa864cb1a4979684c) Importer(815301076,1909f56bfc062723c751e8b465ee728b)  -> (artifact id: '7bb2559b8ac8c5978b7657bce32521fe') in 0,004441 seconds 
========================================================================
Received Import Request.
  Time since last request: 0,000019 seconds.
  path: Assets/images/Cenario/cena/ajustes_58.asset
  artifactKey: Guid(e88012708afbd5a6b830af342167b5e9) Importer(815301076,1909f56bfc062723c751e8b465ee728b)
Start importing Assets/images/Cenario/cena/ajustes_58.asset using Guid(e88012708afbd5a6b830af342167b5e9) Importer(815301076,1909f56bfc062723c751e8b465ee728b)  -> (artifact id: '43fb36720ce73f38452108bf13505f37') in 0,004120 seconds 
========================================================================
Received Import Request.
  Time since last request: 0,000024 seconds.
  path: Assets/images/Cenario/cena/ajustes_6.asset
  artifactKey: Guid(c7d1d6528cffb11d6a4afed3f15eec02) Importer(815301076,1909f56bfc062723c751e8b465ee728b)
Start importing Assets/images/Cenario/cena/ajustes_6.asset using Guid(c7d1d6528cffb11d6a4afed3f15eec02) Importer(815301076,1909f56bfc062723c751e8b465ee728b)  -> (artifact id: 'fcf3e20207ead73c547873da55c32d87') in 0,005078 seconds 
========================================================================
Received Import Request.
  Time since last request: 0,000031 seconds.
  path: Assets/images/Cenario/cena/ajustes_21.asset
  artifactKey: Guid(c536f80ec137a6bcaa9eca2b01757ee2) Importer(815301076,1909f56bfc062723c751e8b465ee728b)
Start importing Assets/images/Cenario/cena/ajustes_21.asset using Guid(c536f80ec137a6bcaa9eca2b01757ee2) Importer(815301076,1909f56bfc062723c751e8b465ee728b)  -> (artifact id: '7612f4e21e8902995653d7a1ba84b5c0') in 0,004886 seconds 
========================================================================
Received Import Request.
  Time since last request: 1610,061532 seconds.
  path: Assets/images/Design sem nome.png
  artifactKey: Guid(6e648e6a1892a6e9aa947754c9842b0b) Importer(815301076,1909f56bfc062723c751e8b465ee728b)
Start importing Assets/images/Design sem nome.png using Guid(6e648e6a1892a6e9aa947754c9842b0b) Importer(815301076,1909f56bfc062723c751e8b465ee728b)  -> (artifact id: '6827c8e6613c37e457a68fa15813cc7d') in 0,131057 seconds 
========================================================================
Received Import Request.
  Time since last request: 2,500478 seconds.
  path: Assets/images/conf.png
  artifactKey: Guid(df95668bcc5b0e313950abeb2d5cb2f1) Importer(815301076,1909f56bfc062723c751e8b465ee728b)
Start importing Assets/images/conf.png using Guid(df95668bcc5b0e313950abeb2d5cb2f1) Importer(815301076,1909f56bfc062723c751e8b465ee728b)  -> (artifact id: '21b5689be86526b77c0058e789f7e23b') in 0,074122 seconds 
========================================================================
Received Import Request.
  Time since last request: 647,898440 seconds.
  path: Assets/images/conf__2_-removebg-preview.png
  artifactKey: Guid(6ab707147917f0d9ba039373a502f260) Importer(815301076,1909f56bfc062723c751e8b465ee728b)
Start importing Assets/images/conf__2_-removebg-preview.png using Guid(6ab707147917f0d9ba039373a502f260) Importer(815301076,1909f56bfc062723c751e8b465ee728b)  -> (artifact id: '5f1684467abf3897e05d682beacb6bb2') in 0,030509 seconds 
========================================================================
Received Import Request.
  Time since last request: 221,236270 seconds.
  path: Assets/images/conf__3_-removebg-preview (1).png
  artifactKey: Guid(3810a3b391710328c91497d24af445e7) Importer(815301076,1909f56bfc062723c751e8b465ee728b)
Start importing Assets/images/conf__3_-removebg-preview (1).png using Guid(3810a3b391710328c91497d24af445e7) Importer(815301076,1909f56bfc062723c751e8b465ee728b)  -> (artifact id: '41a38fac96ee5935158c771a4292f311') in 0,027723 seconds 
========================================================================
Received Prepare
Registering precompiled user dll's ...
Registered in 0,004862 seconds.
Begin MonoManager ReloadAssembly
Symbol file LoadedFromMemory doesn't match image /home/aluno/Documentos/2023-303-detetive/2023-303-detetive-4718aef950ac18644d33cfc3f690a233aae43830/Library/PackageCache/com.unity.visualscripting@1.8.0/Editor/VisualScripting.Core/Dependencies/YamlDotNet/Unity.VisualScripting.YamlDotNet.dll
Symbol file LoadedFromMemory doesn't match image /home/aluno/Documentos/2023-303-detetive/2023-303-detetive-4718aef950ac18644d33cfc3f690a233aae43830/Library/PackageCache/com.unity.visualscripting@1.8.0/Editor/VisualScripting.Core/Dependencies/DotNetZip/Unity.VisualScripting.IonicZip.dll
Native extension for LinuxStandalone target not found
Refreshing native plugins compatible for Editor in 1,38 ms, found 1 plugins.
Preloading 0 native plugins for Editor in 0,00 ms.
Mono: successfully reloaded assembly
- Completed reload, in  1,248 seconds
Domain Reload Profiling:
	ReloadAssembly (1248ms)
		BeginReloadAssembly (135ms)
			ExecutionOrderSort (0ms)
			DisableScriptedObjects (10ms)
			BackupInstance (0ms)
			ReleaseScriptingObjects (0ms)
			CreateAndSetChildDomain (45ms)
		EndReloadAssembly (980ms)
			LoadAssemblies (67ms)
			RebuildTransferFunctionScriptingTraits (0ms)
			SetupTypeCache (328ms)
			ReleaseScriptCaches (1ms)
			RebuildScriptCaches (66ms)
			SetupLoadedEditorAssemblies (429ms)
				LogAssemblyErrors (0ms)
				InitializePlatformSupportModulesInManaged (14ms)
				SetLoadedEditorAssemblies (1ms)
				RefreshPlugins (1ms)
				BeforeProcessingInitializeOnLoad (85ms)
				ProcessInitializeOnLoadAttributes (276ms)
				ProcessInitializeOnLoadMethodAttributes (44ms)
				AfterProcessingInitializeOnLoad (7ms)
				EditorAssembliesLoaded (0ms)
			ExecutionOrderSort2 (0ms)
			AwakeInstancesAfterBackupRestoration (9ms)
Platform modules already initialized, skipping
Refreshing native plugins compatible for Editor in 2,85 ms, found 1 plugins.
Preloading 0 native plugins for Editor in 0,00 ms.
Unloading 3773 Unused Serialized files (Serialized files now loaded: 0)
Unloading 22 unused Assets / (21,9 KB). Loaded Objects now: 4272.
Memory consumption went from 142,5 MB to 142,5 MB.
Total: 5,398517 ms (FindLiveObjects: 0,329498 ms CreateObjectMapping: 0,304126 ms MarkObjects: 4,723138 ms  DeleteObjects: 0,040027 ms)

AssetImportParameters requested are different than current active one (requested -> active):
  custom:video-decoder-ogg-theora: a1e56fd34408186e4bbccfd4996cb3dc -> 
  custom:container-muxer-webm: aa71ff27fc2769a1b78a27578f13a17b -> 
  custom:container-demuxer-webm: 4f35f7cbe854078d1ac9338744f61a02 -> 
  custom:video-encoder-webm-vp8: eb34c28f22e8b96e1ab97ce403110664 -> 
  custom:audio-encoder-webm-vorbis: bf7c407c2cedff20999df2af8eb42d56 -> 
  custom:container-demuxer-ogg: 62fdf1f143b41e24485cea50d1cbac27 -> 
  custom:video-decoder-webm-vp8: 9c59270c3fd7afecdb556c50c9e8de78 -> 
  custom:audio-decoder-ogg-vorbis: bf7c407c2cedff20999df2af8eb42d56 -> 
========================================================================
Received Prepare
Registering precompiled user dll's ...
Registered in 0,004745 seconds.
Begin MonoManager ReloadAssembly
Symbol file LoadedFromMemory doesn't match image /home/aluno/Documentos/2023-303-detetive/2023-303-detetive-4718aef950ac18644d33cfc3f690a233aae43830/Library/PackageCache/com.unity.visualscripting@1.8.0/Editor/VisualScripting.Core/Dependencies/YamlDotNet/Unity.VisualScripting.YamlDotNet.dll
Symbol file LoadedFromMemory doesn't match image /home/aluno/Documentos/2023-303-detetive/2023-303-detetive-4718aef950ac18644d33cfc3f690a233aae43830/Library/PackageCache/com.unity.visualscripting@1.8.0/Editor/VisualScripting.Core/Dependencies/DotNetZip/Unity.VisualScripting.IonicZip.dll
Native extension for LinuxStandalone target not found
Refreshing native plugins compatible for Editor in 1,24 ms, found 1 plugins.
Preloading 0 native plugins for Editor in 0,00 ms.
Mono: successfully reloaded assembly
- Completed reload, in  1,255 seconds
Domain Reload Profiling:
	ReloadAssembly (1256ms)
		BeginReloadAssembly (125ms)
			ExecutionOrderSort (0ms)
			DisableScriptedObjects (10ms)
			BackupInstance (0ms)
			ReleaseScriptingObjects (0ms)
			CreateAndSetChildDomain (40ms)
		EndReloadAssembly (973ms)
			LoadAssemblies (60ms)
			RebuildTransferFunctionScriptingTraits (0ms)
			SetupTypeCache (321ms)
			ReleaseScriptCaches (2ms)
			RebuildScriptCaches (67ms)
			SetupLoadedEditorAssemblies (429ms)
				LogAssemblyErrors (0ms)
				InitializePlatformSupportModulesInManaged (14ms)
				SetLoadedEditorAssemblies (1ms)
				RefreshPlugins (1ms)
				BeforeProcessingInitializeOnLoad (84ms)
				ProcessInitializeOnLoadAttributes (278ms)
				ProcessInitializeOnLoadMethodAttributes (44ms)
				AfterProcessingInitializeOnLoad (7ms)
				EditorAssembliesLoaded (0ms)
			ExecutionOrderSort2 (0ms)
			AwakeInstancesAfterBackupRestoration (9ms)
Platform modules already initialized, skipping
Refreshing native plugins compatible for Editor in 2,80 ms, found 1 plugins.
Preloading 0 native plugins for Editor in 0,00 ms.
Unloading 3773 Unused Serialized files (Serialized files now loaded: 0)
Unloading 22 unused Assets / (21,9 KB). Loaded Objects now: 4275.
Memory consumption went from 142,5 MB to 142,5 MB.
Total: 4,993049 ms (FindLiveObjects: 0,305862 ms CreateObjectMapping: 0,225728 ms MarkObjects: 4,430347 ms  DeleteObjects: 0,029983 ms)

AssetImportParameters requested are different than current active one (requested -> active):
  custom:video-decoder-ogg-theora: a1e56fd34408186e4bbccfd4996cb3dc -> 
  custom:container-muxer-webm: aa71ff27fc2769a1b78a27578f13a17b -> 
  custom:container-demuxer-webm: 4f35f7cbe854078d1ac9338744f61a02 -> 
  custom:video-encoder-webm-vp8: eb34c28f22e8b96e1ab97ce403110664 -> 
  custom:audio-encoder-webm-vorbis: bf7c407c2cedff20999df2af8eb42d56 -> 
  custom:container-demuxer-ogg: 62fdf1f143b41e24485cea50d1cbac27 -> 
  custom:video-decoder-webm-vp8: 9c59270c3fd7afecdb556c50c9e8de78 -> 
  custom:audio-decoder-ogg-vorbis: bf7c407c2cedff20999df2af8eb42d56 -> 
========================================================================
Received Prepare
Registering precompiled user dll's ...
Registered in 0,004925 seconds.
Begin MonoManager ReloadAssembly
Symbol file LoadedFromMemory doesn't match image /home/aluno/Documentos/2023-303-detetive/2023-303-detetive-4718aef950ac18644d33cfc3f690a233aae43830/Library/PackageCache/com.unity.visualscripting@1.8.0/Editor/VisualScripting.Core/Dependencies/YamlDotNet/Unity.VisualScripting.YamlDotNet.dll
Symbol file LoadedFromMemory doesn't match image /home/aluno/Documentos/2023-303-detetive/2023-303-detetive-4718aef950ac18644d33cfc3f690a233aae43830/Library/PackageCache/com.unity.visualscripting@1.8.0/Editor/VisualScripting.Core/Dependencies/DotNetZip/Unity.VisualScripting.IonicZip.dll
Native extension for LinuxStandalone target not found
Refreshing native plugins compatible for Editor in 1,33 ms, found 1 plugins.
Preloading 0 native plugins for Editor in 0,00 ms.
Mono: successfully reloaded assembly
- Completed reload, in  1,252 seconds
Domain Reload Profiling:
	ReloadAssembly (1253ms)
		BeginReloadAssembly (127ms)
			ExecutionOrderSort (0ms)
			DisableScriptedObjects (10ms)
			BackupInstance (0ms)
			ReleaseScriptingObjects (0ms)
			CreateAndSetChildDomain (41ms)
		EndReloadAssembly (973ms)
			LoadAssemblies (60ms)
			RebuildTransferFunctionScriptingTraits (0ms)
			SetupTypeCache (311ms)
			ReleaseScriptCaches (2ms)
			RebuildScriptCaches (69ms)
			SetupLoadedEditorAssemblies (437ms)
				LogAssemblyErrors (0ms)
				InitializePlatformSupportModulesInManaged (15ms)
				SetLoadedEditorAssemblies (1ms)
				RefreshPlugins (1ms)
				BeforeProcessingInitializeOnLoad (86ms)
				ProcessInitializeOnLoadAttributes (282ms)
				ProcessInitializeOnLoadMethodAttributes (45ms)
				AfterProcessingInitializeOnLoad (7ms)
				EditorAssembliesLoaded (0ms)
			ExecutionOrderSort2 (0ms)
			AwakeInstancesAfterBackupRestoration (10ms)
Platform modules already initialized, skipping
Refreshing native plugins compatible for Editor in 3,08 ms, found 1 plugins.
Preloading 0 native plugins for Editor in 0,00 ms.
Unloading 3773 Unused Serialized files (Serialized files now loaded: 0)
Unloading 22 unused Assets / (21,9 KB). Loaded Objects now: 4278.
Memory consumption went from 142,5 MB to 142,5 MB.
Total: 4,909009 ms (FindLiveObjects: 0,368088 ms CreateObjectMapping: 0,281804 ms MarkObjects: 4,229381 ms  DeleteObjects: 0,028152 ms)

AssetImportParameters requested are different than current active one (requested -> active):
  custom:video-decoder-ogg-theora: a1e56fd34408186e4bbccfd4996cb3dc -> 
  custom:container-muxer-webm: aa71ff27fc2769a1b78a27578f13a17b -> 
  custom:container-demuxer-webm: 4f35f7cbe854078d1ac9338744f61a02 -> 
  custom:video-encoder-webm-vp8: eb34c28f22e8b96e1ab97ce403110664 -> 
  custom:audio-encoder-webm-vorbis: bf7c407c2cedff20999df2af8eb42d56 -> 
  custom:container-demuxer-ogg: 62fdf1f143b41e24485cea50d1cbac27 -> 
  custom:video-decoder-webm-vp8: 9c59270c3fd7afecdb556c50c9e8de78 -> 
  custom:audio-decoder-ogg-vorbis: bf7c407c2cedff20999df2af8eb42d56 -> 
========================================================================
Received Import Request.
  Time since last request: 692,704337 seconds.
  path: Assets/images/fundo.png
  artifactKey: Guid(77af48f99378cc9708ee21ca0ea3c0c3) Importer(815301076,1909f56bfc062723c751e8b465ee728b)
Start importing Assets/images/fundo.png using Guid(77af48f99378cc9708ee21ca0ea3c0c3) Importer(815301076,1909f56bfc062723c751e8b465ee728b)  -> (artifact id: '58793192fee57123d8eb8b3d43bb0a3b') in 0,072790 seconds 
========================================================================
Received Prepare
Registering precompiled user dll's ...
Registered in 0,004776 seconds.
Begin MonoManager ReloadAssembly
Symbol file LoadedFromMemory doesn't match image /home/aluno/Documentos/2023-303-detetive/2023-303-detetive-4718aef950ac18644d33cfc3f690a233aae43830/Library/PackageCache/com.unity.visualscripting@1.8.0/Editor/VisualScripting.Core/Dependencies/YamlDotNet/Unity.VisualScripting.YamlDotNet.dll
Symbol file LoadedFromMemory doesn't match image /home/aluno/Documentos/2023-303-detetive/2023-303-detetive-4718aef950ac18644d33cfc3f690a233aae43830/Library/PackageCache/com.unity.visualscripting@1.8.0/Editor/VisualScripting.Core/Dependencies/DotNetZip/Unity.VisualScripting.IonicZip.dll
Native extension for LinuxStandalone target not found
Refreshing native plugins compatible for Editor in 1,22 ms, found 1 plugins.
Preloading 0 native plugins for Editor in 0,00 ms.
Mono: successfully reloaded assembly
- Completed reload, in  1,247 seconds
Domain Reload Profiling:
	ReloadAssembly (1248ms)
		BeginReloadAssembly (127ms)
			ExecutionOrderSort (0ms)
			DisableScriptedObjects (10ms)
			BackupInstance (0ms)
			ReleaseScriptingObjects (0ms)
			CreateAndSetChildDomain (42ms)
		EndReloadAssembly (985ms)
			LoadAssemblies (60ms)
			RebuildTransferFunctionScriptingTraits (0ms)
			SetupTypeCache (334ms)
			ReleaseScriptCaches (2ms)
			RebuildScriptCaches (68ms)
			SetupLoadedEditorAssemblies (431ms)
				LogAssemblyErrors (0ms)
				InitializePlatformSupportModulesInManaged (14ms)
				SetLoadedEditorAssemblies (1ms)
				RefreshPlugins (1ms)
				BeforeProcessingInitializeOnLoad (83ms)
				ProcessInitializeOnLoadAttributes (279ms)
				ProcessInitializeOnLoadMethodAttributes (45ms)
				AfterProcessingInitializeOnLoad (7ms)
				EditorAssembliesLoaded (0ms)
			ExecutionOrderSort2 (0ms)
			AwakeInstancesAfterBackupRestoration (9ms)
Platform modules already initialized, skipping
Refreshing native plugins compatible for Editor in 2,81 ms, found 1 plugins.
Preloading 0 native plugins for Editor in 0,00 ms.
Unloading 3773 Unused Serialized files (Serialized files now loaded: 0)
Unloading 22 unused Assets / (22,1 KB). Loaded Objects now: 4284.
Memory consumption went from 142,5 MB to 142,5 MB.
Total: 4,764252 ms (FindLiveObjects: 0,304478 ms CreateObjectMapping: 0,231043 ms MarkObjects: 4,190694 ms  DeleteObjects: 0,036948 ms)

AssetImportParameters requested are different than current active one (requested -> active):
  custom:video-decoder-ogg-theora: a1e56fd34408186e4bbccfd4996cb3dc -> 
  custom:container-muxer-webm: aa71ff27fc2769a1b78a27578f13a17b -> 
  custom:container-demuxer-webm: 4f35f7cbe854078d1ac9338744f61a02 -> 
  custom:video-encoder-webm-vp8: eb34c28f22e8b96e1ab97ce403110664 -> 
  custom:audio-encoder-webm-vorbis: bf7c407c2cedff20999df2af8eb42d56 -> 
  custom:container-demuxer-ogg: 62fdf1f143b41e24485cea50d1cbac27 -> 
  custom:video-decoder-webm-vp8: 9c59270c3fd7afecdb556c50c9e8de78 -> 
  custom:audio-decoder-ogg-vorbis: bf7c407c2cedff20999df2af8eb42d56 -> 
========================================================================
Received Prepare
Registering precompiled user dll's ...
Registered in 0,004765 seconds.
Begin MonoManager ReloadAssembly
Symbol file LoadedFromMemory doesn't match image /home/aluno/Documentos/2023-303-detetive/2023-303-detetive-4718aef950ac18644d33cfc3f690a233aae43830/Library/PackageCache/com.unity.visualscripting@1.8.0/Editor/VisualScripting.Core/Dependencies/YamlDotNet/Unity.VisualScripting.YamlDotNet.dll
Symbol file LoadedFromMemory doesn't match image /home/aluno/Documentos/2023-303-detetive/2023-303-detetive-4718aef950ac18644d33cfc3f690a233aae43830/Library/PackageCache/com.unity.visualscripting@1.8.0/Editor/VisualScripting.Core/Dependencies/DotNetZip/Unity.VisualScripting.IonicZip.dll
Native extension for LinuxStandalone target not found
Refreshing native plugins compatible for Editor in 1,29 ms, found 1 plugins.
Preloading 0 native plugins for Editor in 0,00 ms.
Mono: successfully reloaded assembly
- Completed reload, in  1,186 seconds
Domain Reload Profiling:
	ReloadAssembly (1187ms)
		BeginReloadAssembly (122ms)
			ExecutionOrderSort (0ms)
			DisableScriptedObjects (10ms)
			BackupInstance (0ms)
			ReleaseScriptingObjects (0ms)
			CreateAndSetChildDomain (40ms)
		EndReloadAssembly (935ms)
			LoadAssemblies (56ms)
			RebuildTransferFunctionScriptingTraits (0ms)
			SetupTypeCache (298ms)
			ReleaseScriptCaches (1ms)
			RebuildScriptCaches (64ms)
			SetupLoadedEditorAssemblies (426ms)
				LogAssemblyErrors (0ms)
				InitializePlatformSupportModulesInManaged (14ms)
				SetLoadedEditorAssemblies (1ms)
				RefreshPlugins (1ms)
				BeforeProcessingInitializeOnLoad (82ms)
				ProcessInitializeOnLoadAttributes (277ms)
				ProcessInitializeOnLoadMethodAttributes (44ms)
				AfterProcessingInitializeOnLoad (7ms)
				EditorAssembliesLoaded (0ms)
			ExecutionOrderSort2 (0ms)
			AwakeInstancesAfterBackupRestoration (9ms)
Platform modules already initialized, skipping
Refreshing native plugins compatible for Editor in 2,80 ms, found 1 plugins.
Preloading 0 native plugins for Editor in 0,00 ms.
Unloading 3773 Unused Serialized files (Serialized files now loaded: 0)
Unloading 22 unused Assets / (22,0 KB). Loaded Objects now: 4287.
Memory consumption went from 142,5 MB to 142,5 MB.
Total: 5,392065 ms (FindLiveObjects: 0,390598 ms CreateObjectMapping: 0,361955 ms MarkObjects: 4,610973 ms  DeleteObjects: 0,027334 ms)

AssetImportParameters requested are different than current active one (requested -> active):
  custom:video-decoder-ogg-theora: a1e56fd34408186e4bbccfd4996cb3dc -> 
  custom:container-muxer-webm: aa71ff27fc2769a1b78a27578f13a17b -> 
  custom:container-demuxer-webm: 4f35f7cbe854078d1ac9338744f61a02 -> 
  custom:video-encoder-webm-vp8: eb34c28f22e8b96e1ab97ce403110664 -> 
  custom:audio-encoder-webm-vorbis: bf7c407c2cedff20999df2af8eb42d56 -> 
  custom:container-demuxer-ogg: 62fdf1f143b41e24485cea50d1cbac27 -> 
  custom:video-decoder-webm-vp8: 9c59270c3fd7afecdb556c50c9e8de78 -> 
  custom:audio-decoder-ogg-vorbis: bf7c407c2cedff20999df2af8eb42d56 -> 
========================================================================
Received Prepare
Registering precompiled user dll's ...
Registered in 0,004775 seconds.
Begin MonoManager ReloadAssembly
Symbol file LoadedFromMemory doesn't match image /home/aluno/Documentos/2023-303-detetive/2023-303-detetive-4718aef950ac18644d33cfc3f690a233aae43830/Library/PackageCache/com.unity.visualscripting@1.8.0/Editor/VisualScripting.Core/Dependencies/YamlDotNet/Unity.VisualScripting.YamlDotNet.dll
Symbol file LoadedFromMemory doesn't match image /home/aluno/Documentos/2023-303-detetive/2023-303-detetive-4718aef950ac18644d33cfc3f690a233aae43830/Library/PackageCache/com.unity.visualscripting@1.8.0/Editor/VisualScripting.Core/Dependencies/DotNetZip/Unity.VisualScripting.IonicZip.dll
Native extension for LinuxStandalone target not found
Refreshing native plugins compatible for Editor in 1,22 ms, found 1 plugins.
Preloading 0 native plugins for Editor in 0,00 ms.
Mono: successfully reloaded assembly
- Completed reload, in  1,194 seconds
Domain Reload Profiling:
	ReloadAssembly (1195ms)
		BeginReloadAssembly (125ms)
			ExecutionOrderSort (0ms)
			DisableScriptedObjects (10ms)
			BackupInstance (0ms)
			ReleaseScriptingObjects (0ms)
			CreateAndSetChildDomain (41ms)
		EndReloadAssembly (935ms)
			LoadAssemblies (57ms)
			RebuildTransferFunctionScriptingTraits (0ms)
			SetupTypeCache (294ms)
			ReleaseScriptCaches (1ms)
			RebuildScriptCaches (64ms)
			SetupLoadedEditorAssemblies (429ms)
				LogAssemblyErrors (0ms)
				InitializePlatformSupportModulesInManaged (14ms)
				SetLoadedEditorAssemblies (1ms)
				RefreshPlugins (1ms)
				BeforeProcessingInitializeOnLoad (82ms)
				ProcessInitializeOnLoadAttributes (269ms)
				ProcessInitializeOnLoadMethodAttributes (52ms)
				AfterProcessingInitializeOnLoad (10ms)
				EditorAssembliesLoaded (0ms)
			ExecutionOrderSort2 (0ms)
			AwakeInstancesAfterBackupRestoration (8ms)
Platform modules already initialized, skipping
Refreshing native plugins compatible for Editor in 2,80 ms, found 1 plugins.
Preloading 0 native plugins for Editor in 0,00 ms.
Unloading 3773 Unused Serialized files (Serialized files now loaded: 0)
Unloading 22 unused Assets / (22,0 KB). Loaded Objects now: 4290.
Memory consumption went from 142,5 MB to 142,5 MB.
Total: 4,569713 ms (FindLiveObjects: 0,347153 ms CreateObjectMapping: 0,253271 ms MarkObjects: 3,936679 ms  DeleteObjects: 0,031159 ms)

AssetImportParameters requested are different than current active one (requested -> active):
  custom:video-decoder-ogg-theora: a1e56fd34408186e4bbccfd4996cb3dc -> 
  custom:container-muxer-webm: aa71ff27fc2769a1b78a27578f13a17b -> 
  custom:container-demuxer-webm: 4f35f7cbe854078d1ac9338744f61a02 -> 
  custom:video-encoder-webm-vp8: eb34c28f22e8b96e1ab97ce403110664 -> 
  custom:audio-encoder-webm-vorbis: bf7c407c2cedff20999df2af8eb42d56 -> 
  custom:container-demuxer-ogg: 62fdf1f143b41e24485cea50d1cbac27 -> 
  custom:video-decoder-webm-vp8: 9c59270c3fd7afecdb556c50c9e8de78 -> 
  custom:audio-decoder-ogg-vorbis: bf7c407c2cedff20999df2af8eb42d56 -> 
========================================================================
Received Import Request.
  Time since last request: 579,556050 seconds.
  path: Assets/jogo.unity
  artifactKey: Guid(5205218b0134ecb4cb6cf47f4987837b) Importer(815301076,1909f56bfc062723c751e8b465ee728b)
Start importing Assets/jogo.unity using Guid(5205218b0134ecb4cb6cf47f4987837b) Importer(815301076,1909f56bfc062723c751e8b465ee728b)  -> (artifact id: 'a689be0830202597b49b96a614b42514') in 0,008116 seconds 
========================================================================
Received Prepare
Registering precompiled user dll's ...
Registered in 0,004752 seconds.
Begin MonoManager ReloadAssembly
Symbol file LoadedFromMemory doesn't match image /home/aluno/Documentos/2023-303-detetive/2023-303-detetive-4718aef950ac18644d33cfc3f690a233aae43830/Library/PackageCache/com.unity.visualscripting@1.8.0/Editor/VisualScripting.Core/Dependencies/YamlDotNet/Unity.VisualScripting.YamlDotNet.dll
Symbol file LoadedFromMemory doesn't match image /home/aluno/Documentos/2023-303-detetive/2023-303-detetive-4718aef950ac18644d33cfc3f690a233aae43830/Library/PackageCache/com.unity.visualscripting@1.8.0/Editor/VisualScripting.Core/Dependencies/DotNetZip/Unity.VisualScripting.IonicZip.dll
Native extension for LinuxStandalone target not found
Refreshing native plugins compatible for Editor in 1,22 ms, found 1 plugins.
Preloading 0 native plugins for Editor in 0,00 ms.
Mono: successfully reloaded assembly
- Completed reload, in  1,245 seconds
Domain Reload Profiling:
	ReloadAssembly (1246ms)
		BeginReloadAssembly (139ms)
			ExecutionOrderSort (0ms)
			DisableScriptedObjects (10ms)
			BackupInstance (0ms)
			ReleaseScriptingObjects (0ms)
			CreateAndSetChildDomain (42ms)
		EndReloadAssembly (974ms)
			LoadAssemblies (69ms)
			RebuildTransferFunctionScriptingTraits (0ms)
			SetupTypeCache (324ms)
			ReleaseScriptCaches (1ms)
			RebuildScriptCaches (69ms)
			SetupLoadedEditorAssemblies (429ms)
				LogAssemblyErrors (0ms)
				InitializePlatformSupportModulesInManaged (14ms)
				SetLoadedEditorAssemblies (1ms)
				RefreshPlugins (1ms)
				BeforeProcessingInitializeOnLoad (84ms)
				ProcessInitializeOnLoadAttributes (276ms)
				ProcessInitializeOnLoadMethodAttributes (45ms)
				AfterProcessingInitializeOnLoad (7ms)
				EditorAssembliesLoaded (0ms)
			ExecutionOrderSort2 (0ms)
			AwakeInstancesAfterBackupRestoration (9ms)
Platform modules already initialized, skipping
Refreshing native plugins compatible for Editor in 2,68 ms, found 1 plugins.
Preloading 0 native plugins for Editor in 0,00 ms.
Unloading 3773 Unused Serialized files (Serialized files now loaded: 0)
Unloading 22 unused Assets / (22,1 KB). Loaded Objects now: 4293.
Memory consumption went from 142,5 MB to 142,5 MB.
Total: 4,448585 ms (FindLiveObjects: 0,306584 ms CreateObjectMapping: 0,250427 ms MarkObjects: 3,862147 ms  DeleteObjects: 0,028309 ms)

AssetImportParameters requested are different than current active one (requested -> active):
  custom:video-decoder-ogg-theora: a1e56fd34408186e4bbccfd4996cb3dc -> 
  custom:container-muxer-webm: aa71ff27fc2769a1b78a27578f13a17b -> 
  custom:container-demuxer-webm: 4f35f7cbe854078d1ac9338744f61a02 -> 
  custom:video-encoder-webm-vp8: eb34c28f22e8b96e1ab97ce403110664 -> 
  custom:audio-encoder-webm-vorbis: bf7c407c2cedff20999df2af8eb42d56 -> 
  custom:container-demuxer-ogg: 62fdf1f143b41e24485cea50d1cbac27 -> 
  custom:video-decoder-webm-vp8: 9c59270c3fd7afecdb556c50c9e8de78 -> 
  custom:audio-decoder-ogg-vorbis: bf7c407c2cedff20999df2af8eb42d56 -> 
========================================================================
Received Prepare
Registering precompiled user dll's ...
Registered in 0,004734 seconds.
Begin MonoManager ReloadAssembly
Symbol file LoadedFromMemory doesn't match image /home/aluno/Documentos/2023-303-detetive/2023-303-detetive-4718aef950ac18644d33cfc3f690a233aae43830/Library/PackageCache/com.unity.visualscripting@1.8.0/Editor/VisualScripting.Core/Dependencies/YamlDotNet/Unity.VisualScripting.YamlDotNet.dll
Symbol file LoadedFromMemory doesn't match image /home/aluno/Documentos/2023-303-detetive/2023-303-detetive-4718aef950ac18644d33cfc3f690a233aae43830/Library/PackageCache/com.unity.visualscripting@1.8.0/Editor/VisualScripting.Core/Dependencies/DotNetZip/Unity.VisualScripting.IonicZip.dll
Native extension for LinuxStandalone target not found
Refreshing native plugins compatible for Editor in 1,25 ms, found 1 plugins.
Preloading 0 native plugins for Editor in 0,00 ms.
Mono: successfully reloaded assembly
- Completed reload, in  1,214 seconds
Domain Reload Profiling:
	ReloadAssembly (1215ms)
		BeginReloadAssembly (122ms)
			ExecutionOrderSort (0ms)
			DisableScriptedObjects (10ms)
			BackupInstance (0ms)
			ReleaseScriptingObjects (0ms)
			CreateAndSetChildDomain (39ms)
		EndReloadAssembly (964ms)
			LoadAssemblies (56ms)
			RebuildTransferFunctionScriptingTraits (0ms)
			SetupTypeCache (301ms)
			ReleaseScriptCaches (1ms)
			RebuildScriptCaches (65ms)
			SetupLoadedEditorAssemblies (447ms)
				LogAssemblyErrors (0ms)
				InitializePlatformSupportModulesInManaged (13ms)
				SetLoadedEditorAssemblies (1ms)
				RefreshPlugins (1ms)
				BeforeProcessingInitializeOnLoad (83ms)
				ProcessInitializeOnLoadAttributes (297ms)
				ProcessInitializeOnLoadMethodAttributes (44ms)
				AfterProcessingInitializeOnLoad (7ms)
				EditorAssembliesLoaded (0ms)
			ExecutionOrderSort2 (0ms)
			AwakeInstancesAfterBackupRestoration (9ms)
Platform modules already initialized, skipping
Refreshing native plugins compatible for Editor in 2,78 ms, found 1 plugins.
Preloading 0 native plugins for Editor in 0,00 ms.
Unloading 3773 Unused Serialized files (Serialized files now loaded: 0)
Unloading 22 unused Assets / (21,9 KB). Loaded Objects now: 4296.
Memory consumption went from 142,5 MB to 142,5 MB.
Total: 4,201005 ms (FindLiveObjects: 0,318807 ms CreateObjectMapping: 0,236239 ms MarkObjects: 3,620728 ms  DeleteObjects: 0,024145 ms)

AssetImportParameters requested are different than current active one (requested -> active):
  custom:video-decoder-ogg-theora: a1e56fd34408186e4bbccfd4996cb3dc -> 
  custom:container-muxer-webm: aa71ff27fc2769a1b78a27578f13a17b -> 
  custom:container-demuxer-webm: 4f35f7cbe854078d1ac9338744f61a02 -> 
  custom:video-encoder-webm-vp8: eb34c28f22e8b96e1ab97ce403110664 -> 
  custom:audio-encoder-webm-vorbis: bf7c407c2cedff20999df2af8eb42d56 -> 
  custom:container-demuxer-ogg: 62fdf1f143b41e24485cea50d1cbac27 -> 
  custom:video-decoder-webm-vp8: 9c59270c3fd7afecdb556c50c9e8de78 -> 
  custom:audio-decoder-ogg-vorbis: bf7c407c2cedff20999df2af8eb42d56 -> 
